<html>
<head>
<title>TestNG:  Regression Test part 1</title>
<link href="../testng.css" rel="stylesheet" type="text/css" />
<link href="../my-testng.css" rel="stylesheet" type="text/css" />

<style type="text/css">
.log { display: none;} 
.stack-trace { display: none;} 
</style>
<script type="text/javascript">
<!--
function flip(e) {
  current = e.style.display;
  if (current == 'block') {
    e.style.display = 'none';
    return 0;
  }
  else {
    e.style.display = 'block';
    return 1;
  }
}

function toggleBox(szDivId, elem, msg1, msg2)
{
  var res = -1;  if (document.getElementById) {
    res = flip(document.getElementById(szDivId));
  }
  else if (document.all) {
    // this is the way old msie versions work
    res = flip(document.all[szDivId]);
  }
  if(elem) {
    if(res == 0) elem.innerHTML = msg1; else elem.innerHTML = msg2;
  }

}

function toggleAllBoxes() {
  if (document.getElementsByTagName) {
    d = document.getElementsByTagName('div');
    for (i = 0; i < d.length; i++) {
      if (d[i].className == 'log') {
        flip(d[i]);
      }
    }
  }
}

// -->
</script>

</head>
<body>
<h2 align='center'>Regression Test part 1</h2><table border='1' align="center">
<tr>
<td>Tests passed/Failed/Skipped:</td><td>28/7/0</td>
</tr><tr>
<td>Started on:</td><td>Fri Dec 11 17:19:56 WIB 2020</td>
</tr>
<tr><td>Total time:</td><td>1330 seconds (1330089 ms)</td>
</tr><tr>
<td>Included groups:</td><td></td>
</tr><tr>
<td>Excluded groups:</td><td></td>
</tr>
</table><p/>
<small><i>(Hover the method name to see the test class name)</i></small><p/>
<table width='100%' border='1' class='invocation-failed'>
<tr><td colspan='4' align='center'><b>FAILED TESTS</b></td></tr>
<tr><td><b>Test method</b></td>
<td width="30%"><b>Exception</b></td>
<td width="10%"><b>Time (seconds)</b></td>
<td><b>Instance</b></td>
</tr>
<tr>
<td title='TestCases.TopNavigationTest.B_001()'><b>B_001</b><br>Test class: TestCases.TopNavigationTest</td>
<td><div><pre>java.lang.AssertionError: The following asserts failed:
	text hello guest is not exist, display text 20 and it automatically login without user will did not expect to find [true] but found [false]
	at TestCases.TopNavigationTest.B_001(TopNavigationTest.java:55)
	at java.util.ArrayList.forEach(ArrayList.java:1259)
... Removed 29 stack frames</pre></div><a href='#' onClick='toggleBox("stack-trace761750706", this, "Click to show all stack frames", "Click to hide stack frames")'>Click to show all stack frames</a>
<div class='stack-trace' id='stack-trace761750706'><pre>java.lang.AssertionError: The following asserts failed:
	text hello guest is not exist, display text 20 and it automatically login without user will did not expect to find [true] but found [false]
	at org.testng.asserts.SoftAssert.assertAll(SoftAssert.java:47)
	at org.testng.asserts.SoftAssert.assertAll(SoftAssert.java:31)
	at TestCases.TopNavigationTest.B_001(TopNavigationTest.java:55)
	at sun.reflect.NativeMethodAccessorImpl.invoke0(Native Method)
	at sun.reflect.NativeMethodAccessorImpl.invoke(NativeMethodAccessorImpl.java:62)
	at sun.reflect.DelegatingMethodAccessorImpl.invoke(DelegatingMethodAccessorImpl.java:43)
	at java.lang.reflect.Method.invoke(Method.java:498)
	at org.testng.internal.MethodInvocationHelper.invokeMethod(MethodInvocationHelper.java:133)
	at org.testng.internal.TestInvoker.invokeMethod(TestInvoker.java:584)
	at org.testng.internal.TestInvoker.invokeTestMethod(TestInvoker.java:172)
	at org.testng.internal.MethodRunner.runInSequence(MethodRunner.java:46)
	at org.testng.internal.TestInvoker$MethodInvocationAgent.invoke(TestInvoker.java:804)
	at org.testng.internal.TestInvoker.invokeTestMethods(TestInvoker.java:145)
	at org.testng.internal.TestMethodWorker.invokeTestMethods(TestMethodWorker.java:146)
	at org.testng.internal.TestMethodWorker.run(TestMethodWorker.java:128)
	at java.util.ArrayList.forEach(ArrayList.java:1259)
	at org.testng.TestRunner.privateRun(TestRunner.java:770)
	at org.testng.TestRunner.run(TestRunner.java:591)
	at org.testng.SuiteRunner.runTest(SuiteRunner.java:402)
	at org.testng.SuiteRunner.runSequentially(SuiteRunner.java:396)
	at org.testng.SuiteRunner.privateRun(SuiteRunner.java:355)
	at org.testng.SuiteRunner.run(SuiteRunner.java:304)
	at org.testng.SuiteRunnerWorker.runSuite(SuiteRunnerWorker.java:53)
	at org.testng.SuiteRunnerWorker.run(SuiteRunnerWorker.java:96)
	at org.testng.TestNG.runSuitesSequentially(TestNG.java:1180)
	at org.testng.TestNG.runSuitesLocally(TestNG.java:1102)
	at org.testng.TestNG.runSuites(TestNG.java:1032)
	at org.testng.TestNG.run(TestNG.java:1000)
	at org.testng.remote.AbstractRemoteTestNG.run(AbstractRemoteTestNG.java:115)
	at org.testng.remote.RemoteTestNG.initAndRun(RemoteTestNG.java:251)
	at org.testng.remote.RemoteTestNG.main(RemoteTestNG.java:77)
</pre></div></td>
<td>41</td>
<td>TestCases.TopNavigationTest@11438d26</td></tr>
<tr>
<td title='TestCases.SearchTest.D_003()'><b>D_003</b><br>Test class: TestCases.SearchTest</td>
<td><div><pre>java.lang.AssertionError: text of no result found should not be displayed did not expect to find [true] but found [false]
	at TestCases.SearchTest.D_003(SearchTest.java:85)
	at java.util.ArrayList.forEach(ArrayList.java:1259)
... Removed 30 stack frames</pre></div><a href='#' onClick='toggleBox("stack-trace4181455", this, "Click to show all stack frames", "Click to hide stack frames")'>Click to show all stack frames</a>
<div class='stack-trace' id='stack-trace4181455'><pre>java.lang.AssertionError: text of no result found should not be displayed did not expect to find [true] but found [false]
	at org.testng.Assert.fail(Assert.java:97)
	at org.testng.Assert.failNotEquals(Assert.java:969)
	at org.testng.Assert.assertTrue(Assert.java:43)
	at TestCases.SearchTest.D_003(SearchTest.java:85)
	at sun.reflect.NativeMethodAccessorImpl.invoke0(Native Method)
	at sun.reflect.NativeMethodAccessorImpl.invoke(NativeMethodAccessorImpl.java:62)
	at sun.reflect.DelegatingMethodAccessorImpl.invoke(DelegatingMethodAccessorImpl.java:43)
	at java.lang.reflect.Method.invoke(Method.java:498)
	at org.testng.internal.MethodInvocationHelper.invokeMethod(MethodInvocationHelper.java:133)
	at org.testng.internal.TestInvoker.invokeMethod(TestInvoker.java:584)
	at org.testng.internal.TestInvoker.invokeTestMethod(TestInvoker.java:172)
	at org.testng.internal.MethodRunner.runInSequence(MethodRunner.java:46)
	at org.testng.internal.TestInvoker$MethodInvocationAgent.invoke(TestInvoker.java:804)
	at org.testng.internal.TestInvoker.invokeTestMethods(TestInvoker.java:145)
	at org.testng.internal.TestMethodWorker.invokeTestMethods(TestMethodWorker.java:146)
	at org.testng.internal.TestMethodWorker.run(TestMethodWorker.java:128)
	at java.util.ArrayList.forEach(ArrayList.java:1259)
	at org.testng.TestRunner.privateRun(TestRunner.java:770)
	at org.testng.TestRunner.run(TestRunner.java:591)
	at org.testng.SuiteRunner.runTest(SuiteRunner.java:402)
	at org.testng.SuiteRunner.runSequentially(SuiteRunner.java:396)
	at org.testng.SuiteRunner.privateRun(SuiteRunner.java:355)
	at org.testng.SuiteRunner.run(SuiteRunner.java:304)
	at org.testng.SuiteRunnerWorker.runSuite(SuiteRunnerWorker.java:53)
	at org.testng.SuiteRunnerWorker.run(SuiteRunnerWorker.java:96)
	at org.testng.TestNG.runSuitesSequentially(TestNG.java:1180)
	at org.testng.TestNG.runSuitesLocally(TestNG.java:1102)
	at org.testng.TestNG.runSuites(TestNG.java:1032)
	at org.testng.TestNG.run(TestNG.java:1000)
	at org.testng.remote.AbstractRemoteTestNG.run(AbstractRemoteTestNG.java:115)
	at org.testng.remote.RemoteTestNG.initAndRun(RemoteTestNG.java:251)
	at org.testng.remote.RemoteTestNG.main(RemoteTestNG.java:77)
</pre></div></td>
<td>15</td>
<td>TestCases.SearchTest@7a1ebcd8</td></tr>
<tr>
<td title='TestCases.SearchTest.D_004()'><b>D_004</b><br>Test class: TestCases.SearchTest</td>
<td><div><pre>java.lang.AssertionError: text of no result found is not displayed displayed did not expect to find [true] but found [false]
	at TestCases.SearchTest.D_004(SearchTest.java:110)
	at java.util.ArrayList.forEach(ArrayList.java:1259)
... Removed 30 stack frames</pre></div><a href='#' onClick='toggleBox("stack-trace80191608", this, "Click to show all stack frames", "Click to hide stack frames")'>Click to show all stack frames</a>
<div class='stack-trace' id='stack-trace80191608'><pre>java.lang.AssertionError: text of no result found is not displayed displayed did not expect to find [true] but found [false]
	at org.testng.Assert.fail(Assert.java:97)
	at org.testng.Assert.failNotEquals(Assert.java:969)
	at org.testng.Assert.assertTrue(Assert.java:43)
	at TestCases.SearchTest.D_004(SearchTest.java:110)
	at sun.reflect.NativeMethodAccessorImpl.invoke0(Native Method)
	at sun.reflect.NativeMethodAccessorImpl.invoke(NativeMethodAccessorImpl.java:62)
	at sun.reflect.DelegatingMethodAccessorImpl.invoke(DelegatingMethodAccessorImpl.java:43)
	at java.lang.reflect.Method.invoke(Method.java:498)
	at org.testng.internal.MethodInvocationHelper.invokeMethod(MethodInvocationHelper.java:133)
	at org.testng.internal.TestInvoker.invokeMethod(TestInvoker.java:584)
	at org.testng.internal.TestInvoker.invokeTestMethod(TestInvoker.java:172)
	at org.testng.internal.MethodRunner.runInSequence(MethodRunner.java:46)
	at org.testng.internal.TestInvoker$MethodInvocationAgent.invoke(TestInvoker.java:804)
	at org.testng.internal.TestInvoker.invokeTestMethods(TestInvoker.java:145)
	at org.testng.internal.TestMethodWorker.invokeTestMethods(TestMethodWorker.java:146)
	at org.testng.internal.TestMethodWorker.run(TestMethodWorker.java:128)
	at java.util.ArrayList.forEach(ArrayList.java:1259)
	at org.testng.TestRunner.privateRun(TestRunner.java:770)
	at org.testng.TestRunner.run(TestRunner.java:591)
	at org.testng.SuiteRunner.runTest(SuiteRunner.java:402)
	at org.testng.SuiteRunner.runSequentially(SuiteRunner.java:396)
	at org.testng.SuiteRunner.privateRun(SuiteRunner.java:355)
	at org.testng.SuiteRunner.run(SuiteRunner.java:304)
	at org.testng.SuiteRunnerWorker.runSuite(SuiteRunnerWorker.java:53)
	at org.testng.SuiteRunnerWorker.run(SuiteRunnerWorker.java:96)
	at org.testng.TestNG.runSuitesSequentially(TestNG.java:1180)
	at org.testng.TestNG.runSuitesLocally(TestNG.java:1102)
	at org.testng.TestNG.runSuites(TestNG.java:1032)
	at org.testng.TestNG.run(TestNG.java:1000)
	at org.testng.remote.AbstractRemoteTestNG.run(AbstractRemoteTestNG.java:115)
	at org.testng.remote.RemoteTestNG.initAndRun(RemoteTestNG.java:251)
	at org.testng.remote.RemoteTestNG.main(RemoteTestNG.java:77)
</pre></div></td>
<td>11</td>
<td>TestCases.SearchTest@7a1ebcd8</td></tr>
<tr>
<td title='TestCases.ScheduleTest.F_002()'><b>F_002</b><br>Test class: TestCases.ScheduleTest</td>
<td><div><pre>java.lang.AssertionError: The following asserts failed:
	load more button is not working properly did not expect to find [true] but found [false]
	at TestCases.ScheduleTest.F_002(ScheduleTest.java:85)
	at java.util.ArrayList.forEach(ArrayList.java:1259)
... Removed 29 stack frames</pre></div><a href='#' onClick='toggleBox("stack-trace235195640", this, "Click to show all stack frames", "Click to hide stack frames")'>Click to show all stack frames</a>
<div class='stack-trace' id='stack-trace235195640'><pre>java.lang.AssertionError: The following asserts failed:
	load more button is not working properly did not expect to find [true] but found [false]
	at org.testng.asserts.SoftAssert.assertAll(SoftAssert.java:47)
	at org.testng.asserts.SoftAssert.assertAll(SoftAssert.java:31)
	at TestCases.ScheduleTest.F_002(ScheduleTest.java:85)
	at sun.reflect.NativeMethodAccessorImpl.invoke0(Native Method)
	at sun.reflect.NativeMethodAccessorImpl.invoke(NativeMethodAccessorImpl.java:62)
	at sun.reflect.DelegatingMethodAccessorImpl.invoke(DelegatingMethodAccessorImpl.java:43)
	at java.lang.reflect.Method.invoke(Method.java:498)
	at org.testng.internal.MethodInvocationHelper.invokeMethod(MethodInvocationHelper.java:133)
	at org.testng.internal.TestInvoker.invokeMethod(TestInvoker.java:584)
	at org.testng.internal.TestInvoker.invokeTestMethod(TestInvoker.java:172)
	at org.testng.internal.MethodRunner.runInSequence(MethodRunner.java:46)
	at org.testng.internal.TestInvoker$MethodInvocationAgent.invoke(TestInvoker.java:804)
	at org.testng.internal.TestInvoker.invokeTestMethods(TestInvoker.java:145)
	at org.testng.internal.TestMethodWorker.invokeTestMethods(TestMethodWorker.java:146)
	at org.testng.internal.TestMethodWorker.run(TestMethodWorker.java:128)
	at java.util.ArrayList.forEach(ArrayList.java:1259)
	at org.testng.TestRunner.privateRun(TestRunner.java:770)
	at org.testng.TestRunner.run(TestRunner.java:591)
	at org.testng.SuiteRunner.runTest(SuiteRunner.java:402)
	at org.testng.SuiteRunner.runSequentially(SuiteRunner.java:396)
	at org.testng.SuiteRunner.privateRun(SuiteRunner.java:355)
	at org.testng.SuiteRunner.run(SuiteRunner.java:304)
	at org.testng.SuiteRunnerWorker.runSuite(SuiteRunnerWorker.java:53)
	at org.testng.SuiteRunnerWorker.run(SuiteRunnerWorker.java:96)
	at org.testng.TestNG.runSuitesSequentially(TestNG.java:1180)
	at org.testng.TestNG.runSuitesLocally(TestNG.java:1102)
	at org.testng.TestNG.runSuites(TestNG.java:1032)
	at org.testng.TestNG.run(TestNG.java:1000)
	at org.testng.remote.AbstractRemoteTestNG.run(AbstractRemoteTestNG.java:115)
	at org.testng.remote.RemoteTestNG.initAndRun(RemoteTestNG.java:251)
	at org.testng.remote.RemoteTestNG.main(RemoteTestNG.java:77)
</pre></div></td>
<td>35</td>
<td>TestCases.ScheduleTest@528931cf</td></tr>
<tr>
<td title='TestCases.ScheduleTest.F_003()'><b>F_003</b><br>Test class: TestCases.ScheduleTest</td>
<td><div><pre>java.lang.AssertionError: The following asserts failed:
	load more button is not working properly did not expect to find [true] but found [false]
	at TestCases.ScheduleTest.F_003(ScheduleTest.java:129)
	at java.util.ArrayList.forEach(ArrayList.java:1259)
... Removed 29 stack frames</pre></div><a href='#' onClick='toggleBox("stack-trace1711393939", this, "Click to show all stack frames", "Click to hide stack frames")'>Click to show all stack frames</a>
<div class='stack-trace' id='stack-trace1711393939'><pre>java.lang.AssertionError: The following asserts failed:
	load more button is not working properly did not expect to find [true] but found [false]
	at org.testng.asserts.SoftAssert.assertAll(SoftAssert.java:47)
	at org.testng.asserts.SoftAssert.assertAll(SoftAssert.java:31)
	at TestCases.ScheduleTest.F_003(ScheduleTest.java:129)
	at sun.reflect.NativeMethodAccessorImpl.invoke0(Native Method)
	at sun.reflect.NativeMethodAccessorImpl.invoke(NativeMethodAccessorImpl.java:62)
	at sun.reflect.DelegatingMethodAccessorImpl.invoke(DelegatingMethodAccessorImpl.java:43)
	at java.lang.reflect.Method.invoke(Method.java:498)
	at org.testng.internal.MethodInvocationHelper.invokeMethod(MethodInvocationHelper.java:133)
	at org.testng.internal.TestInvoker.invokeMethod(TestInvoker.java:584)
	at org.testng.internal.TestInvoker.invokeTestMethod(TestInvoker.java:172)
	at org.testng.internal.MethodRunner.runInSequence(MethodRunner.java:46)
	at org.testng.internal.TestInvoker$MethodInvocationAgent.invoke(TestInvoker.java:804)
	at org.testng.internal.TestInvoker.invokeTestMethods(TestInvoker.java:145)
	at org.testng.internal.TestMethodWorker.invokeTestMethods(TestMethodWorker.java:146)
	at org.testng.internal.TestMethodWorker.run(TestMethodWorker.java:128)
	at java.util.ArrayList.forEach(ArrayList.java:1259)
	at org.testng.TestRunner.privateRun(TestRunner.java:770)
	at org.testng.TestRunner.run(TestRunner.java:591)
	at org.testng.SuiteRunner.runTest(SuiteRunner.java:402)
	at org.testng.SuiteRunner.runSequentially(SuiteRunner.java:396)
	at org.testng.SuiteRunner.privateRun(SuiteRunner.java:355)
	at org.testng.SuiteRunner.run(SuiteRunner.java:304)
	at org.testng.SuiteRunnerWorker.runSuite(SuiteRunnerWorker.java:53)
	at org.testng.SuiteRunnerWorker.run(SuiteRunnerWorker.java:96)
	at org.testng.TestNG.runSuitesSequentially(TestNG.java:1180)
	at org.testng.TestNG.runSuitesLocally(TestNG.java:1102)
	at org.testng.TestNG.runSuites(TestNG.java:1032)
	at org.testng.TestNG.run(TestNG.java:1000)
	at org.testng.remote.AbstractRemoteTestNG.run(AbstractRemoteTestNG.java:115)
	at org.testng.remote.RemoteTestNG.initAndRun(RemoteTestNG.java:251)
	at org.testng.remote.RemoteTestNG.main(RemoteTestNG.java:77)
</pre></div></td>
<td>37</td>
<td>TestCases.ScheduleTest@528931cf</td></tr>
<tr>
<td title='TestCases.ScheduleTest.F_004()'><b>F_004</b><br>Test class: TestCases.ScheduleTest</td>
<td><div><pre>java.lang.AssertionError: The following asserts failed:
	load more button is not working properly did not expect to find [true] but found [false]
	at TestCases.ScheduleTest.F_004(ScheduleTest.java:174)
	at java.util.ArrayList.forEach(ArrayList.java:1259)
... Removed 29 stack frames</pre></div><a href='#' onClick='toggleBox("stack-trace1310167355", this, "Click to show all stack frames", "Click to hide stack frames")'>Click to show all stack frames</a>
<div class='stack-trace' id='stack-trace1310167355'><pre>java.lang.AssertionError: The following asserts failed:
	load more button is not working properly did not expect to find [true] but found [false]
	at org.testng.asserts.SoftAssert.assertAll(SoftAssert.java:47)
	at org.testng.asserts.SoftAssert.assertAll(SoftAssert.java:31)
	at TestCases.ScheduleTest.F_004(ScheduleTest.java:174)
	at sun.reflect.NativeMethodAccessorImpl.invoke0(Native Method)
	at sun.reflect.NativeMethodAccessorImpl.invoke(NativeMethodAccessorImpl.java:62)
	at sun.reflect.DelegatingMethodAccessorImpl.invoke(DelegatingMethodAccessorImpl.java:43)
	at java.lang.reflect.Method.invoke(Method.java:498)
	at org.testng.internal.MethodInvocationHelper.invokeMethod(MethodInvocationHelper.java:133)
	at org.testng.internal.TestInvoker.invokeMethod(TestInvoker.java:584)
	at org.testng.internal.TestInvoker.invokeTestMethod(TestInvoker.java:172)
	at org.testng.internal.MethodRunner.runInSequence(MethodRunner.java:46)
	at org.testng.internal.TestInvoker$MethodInvocationAgent.invoke(TestInvoker.java:804)
	at org.testng.internal.TestInvoker.invokeTestMethods(TestInvoker.java:145)
	at org.testng.internal.TestMethodWorker.invokeTestMethods(TestMethodWorker.java:146)
	at org.testng.internal.TestMethodWorker.run(TestMethodWorker.java:128)
	at java.util.ArrayList.forEach(ArrayList.java:1259)
	at org.testng.TestRunner.privateRun(TestRunner.java:770)
	at org.testng.TestRunner.run(TestRunner.java:591)
	at org.testng.SuiteRunner.runTest(SuiteRunner.java:402)
	at org.testng.SuiteRunner.runSequentially(SuiteRunner.java:396)
	at org.testng.SuiteRunner.privateRun(SuiteRunner.java:355)
	at org.testng.SuiteRunner.run(SuiteRunner.java:304)
	at org.testng.SuiteRunnerWorker.runSuite(SuiteRunnerWorker.java:53)
	at org.testng.SuiteRunnerWorker.run(SuiteRunnerWorker.java:96)
	at org.testng.TestNG.runSuitesSequentially(TestNG.java:1180)
	at org.testng.TestNG.runSuitesLocally(TestNG.java:1102)
	at org.testng.TestNG.runSuites(TestNG.java:1032)
	at org.testng.TestNG.run(TestNG.java:1000)
	at org.testng.remote.AbstractRemoteTestNG.run(AbstractRemoteTestNG.java:115)
	at org.testng.remote.RemoteTestNG.initAndRun(RemoteTestNG.java:251)
	at org.testng.remote.RemoteTestNG.main(RemoteTestNG.java:77)
</pre></div></td>
<td>87</td>
<td>TestCases.ScheduleTest@528931cf</td></tr>
<tr>
<td title='TestCases.GameDetailTest.H_001()'><b>H_001</b><br>Test class: TestCases.GameDetailTest</td>
<td><div><pre>java.lang.AssertionError: The following asserts failed:
	Like button is not displayed did not expect to find [true] but found [false],
	Share button is not displayed did not expect to find [true] but found [false],
	leaderboard is not displayed did not expect to find [true] but found [false]
	at TestCases.GameDetailTest.H_001(GameDetailTest.java:43)
	at java.util.ArrayList.forEach(ArrayList.java:1259)
... Removed 29 stack frames</pre></div><a href='#' onClick='toggleBox("stack-trace690287064", this, "Click to show all stack frames", "Click to hide stack frames")'>Click to show all stack frames</a>
<div class='stack-trace' id='stack-trace690287064'><pre>java.lang.AssertionError: The following asserts failed:
	Like button is not displayed did not expect to find [true] but found [false],
	Share button is not displayed did not expect to find [true] but found [false],
	leaderboard is not displayed did not expect to find [true] but found [false]
	at org.testng.asserts.SoftAssert.assertAll(SoftAssert.java:47)
	at org.testng.asserts.SoftAssert.assertAll(SoftAssert.java:31)
	at TestCases.GameDetailTest.H_001(GameDetailTest.java:43)
	at sun.reflect.NativeMethodAccessorImpl.invoke0(Native Method)
	at sun.reflect.NativeMethodAccessorImpl.invoke(NativeMethodAccessorImpl.java:62)
	at sun.reflect.DelegatingMethodAccessorImpl.invoke(DelegatingMethodAccessorImpl.java:43)
	at java.lang.reflect.Method.invoke(Method.java:498)
	at org.testng.internal.MethodInvocationHelper.invokeMethod(MethodInvocationHelper.java:133)
	at org.testng.internal.TestInvoker.invokeMethod(TestInvoker.java:584)
	at org.testng.internal.TestInvoker.invokeTestMethod(TestInvoker.java:172)
	at org.testng.internal.MethodRunner.runInSequence(MethodRunner.java:46)
	at org.testng.internal.TestInvoker$MethodInvocationAgent.invoke(TestInvoker.java:804)
	at org.testng.internal.TestInvoker.invokeTestMethods(TestInvoker.java:145)
	at org.testng.internal.TestMethodWorker.invokeTestMethods(TestMethodWorker.java:146)
	at org.testng.internal.TestMethodWorker.run(TestMethodWorker.java:128)
	at java.util.ArrayList.forEach(ArrayList.java:1259)
	at org.testng.TestRunner.privateRun(TestRunner.java:770)
	at org.testng.TestRunner.run(TestRunner.java:591)
	at org.testng.SuiteRunner.runTest(SuiteRunner.java:402)
	at org.testng.SuiteRunner.runSequentially(SuiteRunner.java:396)
	at org.testng.SuiteRunner.privateRun(SuiteRunner.java:355)
	at org.testng.SuiteRunner.run(SuiteRunner.java:304)
	at org.testng.SuiteRunnerWorker.runSuite(SuiteRunnerWorker.java:53)
	at org.testng.SuiteRunnerWorker.run(SuiteRunnerWorker.java:96)
	at org.testng.TestNG.runSuitesSequentially(TestNG.java:1180)
	at org.testng.TestNG.runSuitesLocally(TestNG.java:1102)
	at org.testng.TestNG.runSuites(TestNG.java:1032)
	at org.testng.TestNG.run(TestNG.java:1000)
	at org.testng.remote.AbstractRemoteTestNG.run(AbstractRemoteTestNG.java:115)
	at org.testng.remote.RemoteTestNG.initAndRun(RemoteTestNG.java:251)
	at org.testng.remote.RemoteTestNG.main(RemoteTestNG.java:77)
</pre></div></td>
<td>22</td>
<td>TestCases.GameDetailTest@1563da5</td></tr>
</table><p>
<table width='100%' border='1' class='invocation-passed'>
<tr><td colspan='4' align='center'><b>PASSED TESTS</b></td></tr>
<tr><td><b>Test method</b></td>
<td width="30%"><b>Exception</b></td>
<td width="10%"><b>Time (seconds)</b></td>
<td><b>Instance</b></td>
</tr>
<tr>
<td title='TestCases.LaunchWebTest.A_001()'><b>A_001</b><br>Test class: TestCases.LaunchWebTest</td>
<td></td>
<td>1</td>
<td>TestCases.LaunchWebTest@458c1321</td></tr>
<tr>
<td title='TestCases.TopNavigationTest.B_002()'><b>B_002</b><br>Test class: TestCases.TopNavigationTest</td>
<td></td>
<td>39</td>
<td>TestCases.TopNavigationTest@11438d26</td></tr>
<tr>
<td title='TestCases.TopNavigationTest.B_003()'><b>B_003</b><br>Test class: TestCases.TopNavigationTest</td>
<td></td>
<td>10</td>
<td>TestCases.TopNavigationTest@11438d26</td></tr>
<tr>
<td title='TestCases.TopNavigationTest.B_004()'><b>B_004</b><br>Test class: TestCases.TopNavigationTest</td>
<td></td>
<td>8</td>
<td>TestCases.TopNavigationTest@11438d26</td></tr>
<tr>
<td title='TestCases.HomePageTest.C_001()'><b>C_001</b><br>Test class: TestCases.HomePageTest</td>
<td></td>
<td>11</td>
<td>TestCases.HomePageTest@34cd072c</td></tr>
<tr>
<td title='TestCases.HomePageTest.C_004()'><b>C_004</b><br>Test class: TestCases.HomePageTest</td>
<td></td>
<td>3</td>
<td>TestCases.HomePageTest@34cd072c</td></tr>
<tr>
<td title='TestCases.HomePageTest.C_005()'><b>C_005</b><br>Test class: TestCases.HomePageTest</td>
<td></td>
<td>20</td>
<td>TestCases.HomePageTest@34cd072c</td></tr>
<tr>
<td title='TestCases.HomePageTest.C_006()'><b>C_006</b><br>Test class: TestCases.HomePageTest</td>
<td></td>
<td>2</td>
<td>TestCases.HomePageTest@34cd072c</td></tr>
<tr>
<td title='TestCases.HomePageTest.C_007()'><b>C_007</b><br>Test class: TestCases.HomePageTest</td>
<td></td>
<td>42</td>
<td>TestCases.HomePageTest@34cd072c</td></tr>
<tr>
<td title='TestCases.HomePageTest.C_009()'><b>C_009</b><br>Test class: TestCases.HomePageTest</td>
<td></td>
<td>3</td>
<td>TestCases.HomePageTest@34cd072c</td></tr>
<tr>
<td title='TestCases.SearchTest.D_001()'><b>D_001</b><br>Test class: TestCases.SearchTest</td>
<td></td>
<td>11</td>
<td>TestCases.SearchTest@7a1ebcd8</td></tr>
<tr>
<td title='TestCases.SearchTest.D_002()'><b>D_002</b><br>Test class: TestCases.SearchTest</td>
<td></td>
<td>13</td>
<td>TestCases.SearchTest@7a1ebcd8</td></tr>
<tr>
<td title='TestCases.SideMenuTest.E_002()'><b>E_002</b><br>Test class: TestCases.SideMenuTest</td>
<td></td>
<td>16</td>
<td>TestCases.SideMenuTest@5faeada1</td></tr>
<tr>
<td title='TestCases.SideMenuTest.E_003()'><b>E_003</b><br>Test class: TestCases.SideMenuTest</td>
<td></td>
<td>20</td>
<td>TestCases.SideMenuTest@5faeada1</td></tr>
<tr>
<td title='TestCases.SideMenuTest.E_004()'><b>E_004</b><br>Test class: TestCases.SideMenuTest</td>
<td></td>
<td>21</td>
<td>TestCases.SideMenuTest@5faeada1</td></tr>
<tr>
<td title='TestCases.SideMenuTest.E_005()'><b>E_005</b><br>Test class: TestCases.SideMenuTest</td>
<td></td>
<td>74</td>
<td>TestCases.SideMenuTest@5faeada1</td></tr>
<tr>
<td title='TestCases.SideMenuTest.E_006()'><b>E_006</b><br>Test class: TestCases.SideMenuTest</td>
<td></td>
<td>74</td>
<td>TestCases.SideMenuTest@5faeada1</td></tr>
<tr>
<td title='TestCases.SideMenuTest.E_008()'><b>E_008</b><br>Test class: TestCases.SideMenuTest</td>
<td></td>
<td>12</td>
<td>TestCases.SideMenuTest@5faeada1</td></tr>
<tr>
<td title='TestCases.SideMenuTest.E_009()'><b>E_009</b><br>Test class: TestCases.SideMenuTest</td>
<td></td>
<td>12</td>
<td>TestCases.SideMenuTest@5faeada1</td></tr>
<tr>
<td title='TestCases.ScheduleTest.F_001()'><b>F_001</b><br>Test class: TestCases.ScheduleTest</td>
<td></td>
<td>18</td>
<td>TestCases.ScheduleTest@528931cf</td></tr>
<tr>
<td title='TestCases.WinnerListTest.G_001()'><b>G_001</b><br>Test class: TestCases.WinnerListTest</td>
<td></td>
<td>20</td>
<td>TestCases.WinnerListTest@ea1a8d5</td></tr>
<tr>
<td title='TestCases.WinnerListTest.G_002()'><b>G_002</b><br>Test class: TestCases.WinnerListTest</td>
<td></td>
<td>24</td>
<td>TestCases.WinnerListTest@ea1a8d5</td></tr>
<tr>
<td title='TestCases.WinnerListTest.G_003()'><b>G_003</b><br>Test class: TestCases.WinnerListTest</td>
<td></td>
<td>33</td>
<td>TestCases.WinnerListTest@ea1a8d5</td></tr>
<tr>
<td title='TestCases.GameDetailTest.H_003()'><b>H_003</b><br>Test class: TestCases.GameDetailTest</td>
<td></td>
<td>22</td>
<td>TestCases.GameDetailTest@1563da5</td></tr>
<tr>
<td title='TestCases.GameDetailTest.H_004()'><b>H_004</b><br>Test class: TestCases.GameDetailTest</td>
<td></td>
<td>18</td>
<td>TestCases.GameDetailTest@1563da5</td></tr>
<tr>
<td title='TestCases.GameDetailTest.H_005()'><b>H_005</b><br>Test class: TestCases.GameDetailTest</td>
<td></td>
<td>14</td>
<td>TestCases.GameDetailTest@1563da5</td></tr>
<tr>
<td title='TestCases.GameDetailTest.H_007()'><b>H_007</b><br>Test class: TestCases.GameDetailTest</td>
<td></td>
<td>67</td>
<td>TestCases.GameDetailTest@1563da5</td></tr>
<tr>
<td title='TestCases.GameDetailTest.H_008()'><b>H_008</b><br>Test class: TestCases.GameDetailTest</td>
<td></td>
<td>38</td>
<td>TestCases.GameDetailTest@1563da5</td></tr>
</table><p>
</body>
</html>