<?xml version="1.0" encoding="UTF-8"?>
<!-- Generated by org.testng.reporters.JUnitXMLReporter -->
<testsuite hostname="Potatos-Mac" ignored="21" name="Regression Test part 1" tests="35" failures="7" timestamp="2020-12-11T17:42:07 WIB" time="1330.089" errors="0">
  <testcase name="A_001" time="1.887" classname="TestCases.LaunchWebTest"/>
  <testcase name="B_001" time="41.234" classname="TestCases.TopNavigationTest">
    <failure type="java.lang.AssertionError" message="The following asserts failed:
	text hello guest is not exist, display text 20 and it automatically login without user will did not expect to find [true] but found [false]">
      <![CDATA[java.lang.AssertionError: The following asserts failed:
text hello guest is not exist, display text 20 and it automatically login without user will did not expect to find [true] but found [false]
at TestCases.TopNavigationTest.B_001(TopNavigationTest.java:55)
at java.util.ArrayList.forEach(ArrayList.java:1259)
... Removed 29 stack frames]]>
    </failure>
  </testcase> <!-- B_001 -->
  <testcase name="B_002" time="39.184" classname="TestCases.TopNavigationTest"/>
  <testcase name="B_003" time="10.727" classname="TestCases.TopNavigationTest"/>
  <testcase name="B_004" time="8.146" classname="TestCases.TopNavigationTest"/>
  <testcase name="C_001" time="11.093" classname="TestCases.HomePageTest"/>
  <testcase name="C_004" time="3.177" classname="TestCases.HomePageTest"/>
  <testcase name="C_005" time="20.587" classname="TestCases.HomePageTest"/>
  <testcase name="C_006" time="2.277" classname="TestCases.HomePageTest"/>
  <testcase name="C_007" time="42.516" classname="TestCases.HomePageTest"/>
  <testcase name="C_009" time="3.211" classname="TestCases.HomePageTest"/>
  <testcase name="D_001" time="11.497" classname="TestCases.SearchTest"/>
  <testcase name="D_002" time="13.677" classname="TestCases.SearchTest"/>
  <testcase name="D_003" time="15.052" classname="TestCases.SearchTest">
    <failure type="java.lang.AssertionError" message="text of no result found should not be displayed did not expect to find [true] but found [false]">
      <![CDATA[java.lang.AssertionError: text of no result found should not be displayed did not expect to find [true] but found [false]
at TestCases.SearchTest.D_003(SearchTest.java:85)
at java.util.ArrayList.forEach(ArrayList.java:1259)
... Removed 30 stack frames]]>
    </failure>
  </testcase> <!-- D_003 -->
  <testcase name="D_004" time="11.195" classname="TestCases.SearchTest">
    <failure type="java.lang.AssertionError" message="text of no result found is not displayed displayed did not expect to find [true] but found [false]">
      <![CDATA[java.lang.AssertionError: text of no result found is not displayed displayed did not expect to find [true] but found [false]
at TestCases.SearchTest.D_004(SearchTest.java:110)
at java.util.ArrayList.forEach(ArrayList.java:1259)
... Removed 30 stack frames]]>
    </failure>
  </testcase> <!-- D_004 -->
  <testcase name="E_002" time="16.65" classname="TestCases.SideMenuTest"/>
  <testcase name="E_003" time="20.433" classname="TestCases.SideMenuTest"/>
  <testcase name="E_004" time="21.471" classname="TestCases.SideMenuTest"/>
  <testcase name="E_005" time="74.306" classname="TestCases.SideMenuTest"/>
  <testcase name="E_006" time="74.493" classname="TestCases.SideMenuTest"/>
  <testcase name="E_008" time="12.787" classname="TestCases.SideMenuTest"/>
  <testcase name="E_009" time="12.514" classname="TestCases.SideMenuTest"/>
  <testcase name="F_001" time="18.127" classname="TestCases.ScheduleTest"/>
  <testcase name="F_002" time="35.954" classname="TestCases.ScheduleTest">
    <failure type="java.lang.AssertionError" message="The following asserts failed:
	load more button is not working properly did not expect to find [true] but found [false]">
      <![CDATA[java.lang.AssertionError: The following asserts failed:
load more button is not working properly did not expect to find [true] but found [false]
at TestCases.ScheduleTest.F_002(ScheduleTest.java:85)
at java.util.ArrayList.forEach(ArrayList.java:1259)
... Removed 29 stack frames]]>
    </failure>
  </testcase> <!-- F_002 -->
  <testcase name="F_003" time="37.739" classname="TestCases.ScheduleTest">
    <failure type="java.lang.AssertionError" message="The following asserts failed:
	load more button is not working properly did not expect to find [true] but found [false]">
      <![CDATA[java.lang.AssertionError: The following asserts failed:
load more button is not working properly did not expect to find [true] but found [false]
at TestCases.ScheduleTest.F_003(ScheduleTest.java:129)
at java.util.ArrayList.forEach(ArrayList.java:1259)
... Removed 29 stack frames]]>
    </failure>
  </testcase> <!-- F_003 -->
  <testcase name="F_004" time="87.076" classname="TestCases.ScheduleTest">
    <failure type="java.lang.AssertionError" message="The following asserts failed:
	load more button is not working properly did not expect to find [true] but found [false]">
      <![CDATA[java.lang.AssertionError: The following asserts failed:
load more button is not working properly did not expect to find [true] but found [false]
at TestCases.ScheduleTest.F_004(ScheduleTest.java:174)
at java.util.ArrayList.forEach(ArrayList.java:1259)
... Removed 29 stack frames]]>
    </failure>
  </testcase> <!-- F_004 -->
  <testcase name="G_001" time="20.423" classname="TestCases.WinnerListTest"/>
  <testcase name="G_002" time="24.081" classname="TestCases.WinnerListTest"/>
  <testcase name="G_003" time="33.325" classname="TestCases.WinnerListTest"/>
  <testcase name="H_001" time="22.95" classname="TestCases.GameDetailTest">
    <failure type="java.lang.AssertionError" message="The following asserts failed:
	Like button is not displayed did not expect to find [true] but found [false],
	Share button is not displayed did not expect to find [true] but found [false],
	leaderboard is not displayed did not expect to find [true] but found [false]">
      <![CDATA[java.lang.AssertionError: The following asserts failed:
Like button is not displayed did not expect to find [true] but found [false],
Share button is not displayed did not expect to find [true] but found [false],
leaderboard is not displayed did not expect to find [true] but found [false]
at TestCases.GameDetailTest.H_001(GameDetailTest.java:43)
at java.util.ArrayList.forEach(ArrayList.java:1259)
... Removed 29 stack frames]]>
    </failure>
  </testcase> <!-- H_001 -->
  <testcase name="H_003" time="22.179" classname="TestCases.GameDetailTest"/>
  <testcase name="H_004" time="18.083" classname="TestCases.GameDetailTest"/>
  <testcase name="H_005" time="14.697" classname="TestCases.GameDetailTest"/>
  <testcase name="H_007" time="67.582" classname="TestCases.GameDetailTest"/>
  <testcase name="H_008" time="38.186" classname="TestCases.GameDetailTest"/>
  <testcase name="@BeforeSuite a_SetUpAppium" time="0.0" classname="BaseSetting.BaseSetting">
    <ignored/>
  </testcase> <!-- @BeforeSuite a_SetUpAppium -->
  <testcase name="@BeforeSuite a_SetUpAppium" time="0.0" classname="BaseSetting.BaseSetting">
    <ignored/>
  </testcase> <!-- @BeforeSuite a_SetUpAppium -->
  <testcase name="@BeforeSuite a_SetUpAppium" time="0.0" classname="BaseSetting.BaseSetting">
    <ignored/>
  </testcase> <!-- @BeforeSuite a_SetUpAppium -->
  <testcase name="@BeforeSuite a_SetUpAppium" time="0.0" classname="BaseSetting.BaseSetting">
    <ignored/>
  </testcase> <!-- @BeforeSuite a_SetUpAppium -->
  <testcase name="@BeforeSuite a_SetUpAppium" time="0.0" classname="BaseSetting.BaseSetting">
    <ignored/>
  </testcase> <!-- @BeforeSuite a_SetUpAppium -->
  <testcase name="@BeforeSuite a_SetUpAppium" time="0.0" classname="BaseSetting.BaseSetting">
    <ignored/>
  </testcase> <!-- @BeforeSuite a_SetUpAppium -->
  <testcase name="@BeforeSuite a_SetUpAppium" time="0.0" classname="BaseSetting.BaseSetting">
    <ignored/>
  </testcase> <!-- @BeforeSuite a_SetUpAppium -->
  <testcase name="@AfterSuite quitDriver" time="0.0" classname="BaseSetting.BaseSetting">
    <ignored/>
  </testcase> <!-- @AfterSuite quitDriver -->
  <testcase name="@AfterSuite quitDriver" time="0.0" classname="BaseSetting.BaseSetting">
    <ignored/>
  </testcase> <!-- @AfterSuite quitDriver -->
  <testcase name="@AfterSuite quitDriver" time="0.0" classname="BaseSetting.BaseSetting">
    <ignored/>
  </testcase> <!-- @AfterSuite quitDriver -->
  <testcase name="@AfterSuite quitDriver" time="0.0" classname="BaseSetting.BaseSetting">
    <ignored/>
  </testcase> <!-- @AfterSuite quitDriver -->
  <testcase name="@AfterSuite quitDriver" time="0.0" classname="BaseSetting.BaseSetting">
    <ignored/>
  </testcase> <!-- @AfterSuite quitDriver -->
  <testcase name="@AfterSuite quitDriver" time="0.0" classname="BaseSetting.BaseSetting">
    <ignored/>
  </testcase> <!-- @AfterSuite quitDriver -->
  <testcase name="@AfterSuite quitDriver" time="0.0" classname="BaseSetting.BaseSetting">
    <ignored/>
  </testcase> <!-- @AfterSuite quitDriver -->
  <testcase name="@BeforeSuite deleteScreenShot" time="0.0" classname="BaseSetting.BaseSetting">
    <ignored/>
  </testcase> <!-- @BeforeSuite deleteScreenShot -->
  <testcase name="@BeforeSuite deleteScreenShot" time="0.0" classname="BaseSetting.BaseSetting">
    <ignored/>
  </testcase> <!-- @BeforeSuite deleteScreenShot -->
  <testcase name="@BeforeSuite deleteScreenShot" time="0.0" classname="BaseSetting.BaseSetting">
    <ignored/>
  </testcase> <!-- @BeforeSuite deleteScreenShot -->
  <testcase name="@BeforeSuite deleteScreenShot" time="0.0" classname="BaseSetting.BaseSetting">
    <ignored/>
  </testcase> <!-- @BeforeSuite deleteScreenShot -->
  <testcase name="@BeforeSuite deleteScreenShot" time="0.0" classname="BaseSetting.BaseSetting">
    <ignored/>
  </testcase> <!-- @BeforeSuite deleteScreenShot -->
  <testcase name="@BeforeSuite deleteScreenShot" time="0.0" classname="BaseSetting.BaseSetting">
    <ignored/>
  </testcase> <!-- @BeforeSuite deleteScreenShot -->
  <testcase name="@BeforeSuite deleteScreenShot" time="0.0" classname="BaseSetting.BaseSetting">
    <ignored/>
  </testcase> <!-- @BeforeSuite deleteScreenShot -->
</testsuite> <!-- Regression Test part 1 -->
