<?xml version="1.0" encoding="UTF-8"?>
<!-- Generated by org.testng.reporters.JUnitXMLReporter -->
<testsuite hostname="Potatos-Mac" ignored="0" name="Default test" tests="13" failures="0" timestamp="2020-09-24T18:34:20 WIB" time="0.254" errors="0">
  <testcase name="@BeforeSuite a_SetUpAppium" time="-1.600947259741E9" classname="BaseSetting.BaseSetting">
    <failure type="org.testng.TestNGException" message="
Parameter &amp;apos;env&amp;apos; is required by BeforeSuite on method a_SetUpAppium but has not been marked @Optional or defined
in /private/var/folders/pz/vbvlmv8j3s19l6_0lxckfr_r0000gp/T/testng-eclipse-1616603174/testng-customsuite.xml">
      <![CDATA[org.testng.TestNGException: 
Parameter 'env' is required by BeforeSuite on method a_SetUpAppium but has not been marked @Optional or defined
in /private/var/folders/pz/vbvlmv8j3s19l6_0lxckfr_r0000gp/T/testng-eclipse-1616603174/testng-customsuite.xml
at org.testng.internal.Parameters.createParams(Parameters.java:289)
at org.testng.internal.Parameters.createParametersForMethod(Parameters.java:377)
at org.testng.internal.Parameters.createParameters(Parameters.java:721)
at org.testng.internal.Parameters.createConfigurationParameters(Parameters.java:164)
at org.testng.internal.ConfigInvoker.invokeConfigurations(ConfigInvoker.java:275)
at org.testng.SuiteRunner.privateRun(SuiteRunner.java:345)
at org.testng.SuiteRunner.run(SuiteRunner.java:304)
at org.testng.SuiteRunnerWorker.runSuite(SuiteRunnerWorker.java:53)
at org.testng.SuiteRunnerWorker.run(SuiteRunnerWorker.java:96)
at org.testng.TestNG.runSuitesSequentially(TestNG.java:1180)
at org.testng.TestNG.runSuitesLocally(TestNG.java:1102)
at org.testng.TestNG.runSuites(TestNG.java:1032)
at org.testng.TestNG.run(TestNG.java:1000)
at org.testng.remote.AbstractRemoteTestNG.run(AbstractRemoteTestNG.java:115)
at org.testng.remote.RemoteTestNG.initAndRun(RemoteTestNG.java:251)
at org.testng.remote.RemoteTestNG.main(RemoteTestNG.java:77)
]]>
    </failure>
  </testcase> <!-- @BeforeSuite a_SetUpAppium -->
  <testcase name="@AfterClass quitDriver" time="-1.600947260024E9" classname="BaseSetting.BaseSetting">
    <skipped/>
  </testcase> <!-- @AfterClass quitDriver -->
  <testcase name="Plan_01" time="0.0" classname="TestCases.PlanTest">
    <skipped/>
  </testcase> <!-- Plan_01 -->
  <testcase name="Plan_02" time="0.0" classname="TestCases.PlanTest">
    <skipped/>
  </testcase> <!-- Plan_02 -->
  <testcase name="Plan_03" time="0.0" classname="TestCases.PlanTest">
    <skipped/>
  </testcase> <!-- Plan_03 -->
  <testcase name="Plan_04" time="0.0" classname="TestCases.PlanTest">
    <skipped/>
  </testcase> <!-- Plan_04 -->
  <testcase name="Plan_05" time="0.0" classname="TestCases.PlanTest">
    <skipped/>
  </testcase> <!-- Plan_05 -->
  <testcase name="Plan_06" time="0.0" classname="TestCases.PlanTest">
    <skipped/>
  </testcase> <!-- Plan_06 -->
  <testcase name="Plan_07" time="0.0" classname="TestCases.PlanTest">
    <skipped/>
  </testcase> <!-- Plan_07 -->
  <testcase name="Plan_08" time="0.0" classname="TestCases.PlanTest">
    <skipped/>
  </testcase> <!-- Plan_08 -->
  <testcase name="Plan_09" time="0.0" classname="TestCases.PlanTest">
    <skipped/>
  </testcase> <!-- Plan_09 -->
  <testcase name="Plan_10" time="0.0" classname="TestCases.PlanTest">
    <skipped/>
  </testcase> <!-- Plan_10 -->
  <testcase name="Plan_11" time="0.0" classname="TestCases.PlanTest">
    <skipped/>
  </testcase> <!-- Plan_11 -->
  <testcase name="Plan_12" time="0.0" classname="TestCases.PlanTest">
    <skipped/>
  </testcase> <!-- Plan_12 -->
  <testcase name="login" time="0.0" classname="TestCases.PlanTest">
    <skipped/>
  </testcase> <!-- login -->
</testsuite> <!-- Default test -->
