<?xml version="1.0" encoding="UTF-8"?>
<testng-results skipped="0" failed="1" ignored="54" total="56" passed="1">
  <reporter-output>
  </reporter-output>
  <suite name="MySuite" duration-ms="144601" started-at="2020-12-11T17:10:29 WIB" finished-at="2020-12-11T17:12:53 WIB">
    <groups>
    </groups>
    <test name="Regression Test part 1" duration-ms="144601" started-at="2020-12-11T17:10:29 WIB" finished-at="2020-12-11T17:12:53 WIB">
      <class name="TestCases.SideMenuTest">
        <test-method status="PASS" signature="accessHomePage()[pri:0, instance:TestCases.SideMenuTest@11438d26]" name="accessHomePage" is-config="true" duration-ms="10757" started-at="2020-12-11T17:10:29 WIB" finished-at="2020-12-11T17:10:40 WIB">
          <reporter-output>
          </reporter-output>
        </test-method> <!-- accessHomePage -->
        <test-method status="PASS" signature="E_009()[pri:0, instance:TestCases.SideMenuTest@11438d26]" name="E_009" duration-ms="14030" started-at="2020-12-11T17:10:40 WIB" finished-at="2020-12-11T17:10:54 WIB">
          <reporter-output>
          </reporter-output>
        </test-method> <!-- E_009 -->
        <test-method status="PASS" signature="resetApplicationState()[pri:0, instance:TestCases.SideMenuTest@11438d26]" name="resetApplicationState" is-config="true" duration-ms="3921" started-at="2020-12-11T17:10:54 WIB" finished-at="2020-12-11T17:10:58 WIB">
          <reporter-output>
          </reporter-output>
        </test-method> <!-- resetApplicationState -->
      </class> <!-- TestCases.SideMenuTest -->
      <class name="TestCases.ScheduleTest">
        <test-method status="PASS" signature="accessHomePage()[pri:0, instance:TestCases.ScheduleTest@34cd072c]" name="accessHomePage" is-config="true" duration-ms="10875" started-at="2020-12-11T17:10:58 WIB" finished-at="2020-12-11T17:11:08 WIB">
          <reporter-output>
          </reporter-output>
        </test-method> <!-- accessHomePage -->
        <test-method status="FAIL" signature="F_004()[pri:0, instance:TestCases.ScheduleTest@34cd072c]" name="F_004" duration-ms="97970" started-at="2020-12-11T17:11:08 WIB" finished-at="2020-12-11T17:12:46 WIB">
          <exception class="java.lang.AssertionError">
            <message>
              <![CDATA[The following asserts failed:
load more button is not working properly did not expect to find [true] but found [false]]]>
            </message>
            <full-stacktrace>
              <![CDATA[java.lang.AssertionError: The following asserts failed:
load more button is not working properly did not expect to find [true] but found [false]
at org.testng.asserts.SoftAssert.assertAll(SoftAssert.java:47)
at org.testng.asserts.SoftAssert.assertAll(SoftAssert.java:31)
at TestCases.ScheduleTest.F_004(ScheduleTest.java:174)
at sun.reflect.NativeMethodAccessorImpl.invoke0(Native Method)
at sun.reflect.NativeMethodAccessorImpl.invoke(NativeMethodAccessorImpl.java:62)
at sun.reflect.DelegatingMethodAccessorImpl.invoke(DelegatingMethodAccessorImpl.java:43)
at java.lang.reflect.Method.invoke(Method.java:498)
at org.testng.internal.MethodInvocationHelper.invokeMethod(MethodInvocationHelper.java:133)
at org.testng.internal.TestInvoker.invokeMethod(TestInvoker.java:584)
at org.testng.internal.TestInvoker.invokeTestMethod(TestInvoker.java:172)
at org.testng.internal.MethodRunner.runInSequence(MethodRunner.java:46)
at org.testng.internal.TestInvoker$MethodInvocationAgent.invoke(TestInvoker.java:804)
at org.testng.internal.TestInvoker.invokeTestMethods(TestInvoker.java:145)
at org.testng.internal.TestMethodWorker.invokeTestMethods(TestMethodWorker.java:146)
at org.testng.internal.TestMethodWorker.run(TestMethodWorker.java:128)
at java.util.ArrayList.forEach(ArrayList.java:1259)
at org.testng.TestRunner.privateRun(TestRunner.java:770)
at org.testng.TestRunner.run(TestRunner.java:591)
at org.testng.SuiteRunner.runTest(SuiteRunner.java:402)
at org.testng.SuiteRunner.runSequentially(SuiteRunner.java:396)
at org.testng.SuiteRunner.privateRun(SuiteRunner.java:355)
at org.testng.SuiteRunner.run(SuiteRunner.java:304)
at org.testng.SuiteRunnerWorker.runSuite(SuiteRunnerWorker.java:53)
at org.testng.SuiteRunnerWorker.run(SuiteRunnerWorker.java:96)
at org.testng.TestNG.runSuitesSequentially(TestNG.java:1180)
at org.testng.TestNG.runSuitesLocally(TestNG.java:1102)
at org.testng.TestNG.runSuites(TestNG.java:1032)
at org.testng.TestNG.run(TestNG.java:1000)
at org.testng.remote.AbstractRemoteTestNG.run(AbstractRemoteTestNG.java:115)
at org.testng.remote.RemoteTestNG.initAndRun(RemoteTestNG.java:251)
at org.testng.remote.RemoteTestNG.main(RemoteTestNG.java:77)
]]>
            </full-stacktrace>
          </exception> <!-- java.lang.AssertionError -->
          <reporter-output>
          </reporter-output>
        </test-method> <!-- F_004 -->
        <test-method status="PASS" signature="resetApplicationState()[pri:0, instance:TestCases.ScheduleTest@34cd072c]" name="resetApplicationState" is-config="true" duration-ms="5887" started-at="2020-12-11T17:12:47 WIB" finished-at="2020-12-11T17:12:53 WIB">
          <reporter-output>
          </reporter-output>
        </test-method> <!-- resetApplicationState -->
      </class> <!-- TestCases.ScheduleTest -->
      <class name="TestCases.LaunchWebTest">
        <test-method status="PASS" signature="a_SetUpAppium(java.lang.String, java.lang.String, java.lang.String, java.lang.String, java.lang.String, java.lang.String)[pri:0, instance:TestCases.LaunchWebTest@458c1321]" name="a_SetUpAppium" is-config="true" duration-ms="16946" started-at="2020-12-11T17:10:12 WIB" finished-at="2020-12-11T17:10:29 WIB">
          <params>
            <param index="0">
              <value>
                <![CDATA[beta]]>
              </value>
            </param>
            <param index="1">
              <value>
                <![CDATA[sg]]>
              </value>
            </param>
            <param index="2">
              <value>
                <![CDATA[4723]]>
              </value>
            </param>
            <param index="3">
              <value>
                <![CDATA[RR8M901GK6R]]>
              </value>
            </param>
            <param index="4">
              <value>
                <![CDATA[Galaxy A50s]]>
              </value>
            </param>
            <param index="5">
              <value>
                <![CDATA[realDevice]]>
              </value>
            </param>
          </params>
          <reporter-output>
          </reporter-output>
        </test-method> <!-- a_SetUpAppium -->
        <test-method status="PASS" signature="deleteScreenShot()[pri:0, instance:TestCases.LaunchWebTest@458c1321]" name="deleteScreenShot" is-config="true" duration-ms="1" started-at="2020-12-11T17:10:29 WIB" finished-at="2020-12-11T17:10:29 WIB">
          <reporter-output>
          </reporter-output>
        </test-method> <!-- deleteScreenShot -->
        <test-method status="PASS" signature="quitDriver()[pri:0, instance:TestCases.LaunchWebTest@458c1321]" name="quitDriver" is-config="true" duration-ms="600" started-at="2020-12-11T17:12:55 WIB" finished-at="2020-12-11T17:12:56 WIB">
          <reporter-output>
          </reporter-output>
        </test-method> <!-- quitDriver -->
      </class> <!-- TestCases.LaunchWebTest -->
    </test> <!-- Regression Test part 1 -->
  </suite> <!-- MySuite -->
</testng-results>
