<?xml version="1.0" encoding="UTF-8"?>
<!-- Generated by org.testng.reporters.JUnitReportReporter -->
<testsuite skipped="0" hostname="Potatos-Mac" name="TestCases.ScheduleTest" tests="4" failures="2" timestamp="2020-12-11T14:12:52 WIB" time="178.749" errors="1">
  <testcase name="F_001" time="28.850" classname="TestCases.ScheduleTest"/>
  <testcase name="F_003" time="48.541" classname="TestCases.ScheduleTest">
    <failure type="java.lang.AssertionError" message="The following asserts failed:
	load more button is not working properly did not expect to find [true] but found [false]">
      <![CDATA[java.lang.AssertionError: The following asserts failed:
load more button is not working properly did not expect to find [true] but found [false]
at org.testng.asserts.SoftAssert.assertAll(SoftAssert.java:47)
at org.testng.asserts.SoftAssert.assertAll(SoftAssert.java:31)
at TestCases.ScheduleTest.F_003(ScheduleTest.java:129)
at sun.reflect.NativeMethodAccessorImpl.invoke0(Native Method)
at sun.reflect.NativeMethodAccessorImpl.invoke(NativeMethodAccessorImpl.java:62)
at sun.reflect.DelegatingMethodAccessorImpl.invoke(DelegatingMethodAccessorImpl.java:43)
at java.lang.reflect.Method.invoke(Method.java:498)
at org.testng.internal.MethodInvocationHelper.invokeMethod(MethodInvocationHelper.java:133)
at org.testng.internal.TestInvoker.invokeMethod(TestInvoker.java:584)
at org.testng.internal.TestInvoker.invokeTestMethod(TestInvoker.java:172)
at org.testng.internal.MethodRunner.runInSequence(MethodRunner.java:46)
at org.testng.internal.TestInvoker$MethodInvocationAgent.invoke(TestInvoker.java:804)
at org.testng.internal.TestInvoker.invokeTestMethods(TestInvoker.java:145)
at org.testng.internal.TestMethodWorker.invokeTestMethods(TestMethodWorker.java:146)
at org.testng.internal.TestMethodWorker.run(TestMethodWorker.java:128)
at java.util.ArrayList.forEach(ArrayList.java:1259)
at org.testng.TestRunner.privateRun(TestRunner.java:770)
at org.testng.TestRunner.run(TestRunner.java:591)
at org.testng.SuiteRunner.runTest(SuiteRunner.java:402)
at org.testng.SuiteRunner.runSequentially(SuiteRunner.java:396)
at org.testng.SuiteRunner.privateRun(SuiteRunner.java:355)
at org.testng.SuiteRunner.run(SuiteRunner.java:304)
at org.testng.SuiteRunnerWorker.runSuite(SuiteRunnerWorker.java:53)
at org.testng.SuiteRunnerWorker.run(SuiteRunnerWorker.java:96)
at org.testng.TestNG.runSuitesSequentially(TestNG.java:1180)
at org.testng.TestNG.runSuitesLocally(TestNG.java:1102)
at org.testng.TestNG.runSuites(TestNG.java:1032)
at org.testng.TestNG.run(TestNG.java:1000)
at org.testng.remote.AbstractRemoteTestNG.run(AbstractRemoteTestNG.java:115)
at org.testng.remote.RemoteTestNG.initAndRun(RemoteTestNG.java:251)
at org.testng.remote.RemoteTestNG.main(RemoteTestNG.java:77)
]]>
    </failure>
  </testcase> <!-- F_003 -->
  <testcase name="F_004" time="54.965" classname="TestCases.ScheduleTest">
    <error type="org.openqa.selenium.TimeoutException" message="Expected condition failed: waiting for visibility of [[io.appium.java_client.android.AndroidDriver, Capabilities: {BROWSER_NAME=Chrome, appActivity=com.google.android.apps.chrome.Main, appPackage=com.android.chrome, automationName=UiAutomator2, browserName=Chrome, chromeOptions={w3c=false}, chromedriverExecutable=/Users/fendyridwan/Documents/Project/gemezz3/driver/chromedriver_ver86_mac, databaseEnabled=false, desired={browserName=Chrome, platformName=android, BROWSER_NAME=Chrome, version=10, chromeOptions={w3c=false}, automationName=UiAutomator2, chromedriverExecutable=/Users/fendyridwan/Documents/Project/gemezz3/driver/chromedriver_ver86_mac, deviceName=Galaxy A50s, newCommandTimeout=0, noReset=true}, deviceApiLevel=29, deviceManufacturer=samsung, deviceModel=SM-A507FN, deviceName=RR8M901GK6R, deviceScreenDensity=420, deviceScreenSize=1080x2340, deviceUDID=RR8M901GK6R, javascriptEnabled=true, locationContextEnabled=false, networkConnectionEnabled=true, newCommandTimeout=0, noReset=true, pixelRatio=2.625, platform=LINUX, platformName=Android, platformVersion=10, statBarHeight=78, takesScreenshot=true, version=10, viewportRect={left=0, top=78, width=1080, height=2053}, warnings={}, webStorageEnabled=false}] -&gt; xpath: //*[contains(text(),&#039;Schedule&#039;) and contains(@href,&#039;competitionschedule&#039;)]] (tried for 10 second(s) with 500 milliseconds interval)
Build info: version: &#039;3.141.59&#039;, revision: &#039;e82be7d358&#039;, time: &#039;2018-11-14T08:17:03&#039;
System info: host: &#039;Potatos-Mac&#039;, ip: &#039;fe80:0:0:0:1068:486a:ca6f:4ce5%en0&#039;, os.name: &#039;Mac OS X&#039;, os.arch: &#039;x86_64&#039;, os.version: &#039;10.15.6&#039;, java.version: &#039;1.8.0_261&#039;
Driver info: io.appium.java_client.android.AndroidDriver
Capabilities {BROWSER_NAME: Chrome, appActivity: com.google.android.apps.chr..., appPackage: com.android.chrome, automationName: UiAutomator2, browserName: Chrome, chromeOptions: {w3c: false}, chromedriverExecutable: /Users/fendyridwan/Document..., databaseEnabled: false, desired: {BROWSER_NAME: Chrome, automationName: UiAutomator2, browserName: Chrome, chromeOptions: {w3c: false}, chromedriverExecutable: /Users/fendyridwan/Document..., deviceName: Galaxy A50s, newCommandTimeout: 0, noReset: true, platformName: android, version: 10}, deviceApiLevel: 29, deviceManufacturer: samsung, deviceModel: SM-A507FN, deviceName: RR8M901GK6R, deviceScreenDensity: 420, deviceScreenSize: 1080x2340, deviceUDID: RR8M901GK6R, javascriptEnabled: true, locationContextEnabled: false, networkConnectionEnabled: true, newCommandTimeout: 0, noReset: true, pixelRatio: 2.625, platform: LINUX, platformName: Android, platformVersion: 10, statBarHeight: 78, takesScreenshot: true, version: 10, viewportRect: {height: 2053, left: 0, top: 78, width: 1080}, warnings: {}, webStorageEnabled: false}
Session ID: 695c9466-9c2f-4aff-8b62-5d130592c337">
      <![CDATA[org.openqa.selenium.TimeoutException: Expected condition failed: waiting for visibility of [[io.appium.java_client.android.AndroidDriver, Capabilities: {BROWSER_NAME=Chrome, appActivity=com.google.android.apps.chrome.Main, appPackage=com.android.chrome, automationName=UiAutomator2, browserName=Chrome, chromeOptions={w3c=false}, chromedriverExecutable=/Users/fendyridwan/Documents/Project/gemezz3/driver/chromedriver_ver86_mac, databaseEnabled=false, desired={browserName=Chrome, platformName=android, BROWSER_NAME=Chrome, version=10, chromeOptions={w3c=false}, automationName=UiAutomator2, chromedriverExecutable=/Users/fendyridwan/Documents/Project/gemezz3/driver/chromedriver_ver86_mac, deviceName=Galaxy A50s, newCommandTimeout=0, noReset=true}, deviceApiLevel=29, deviceManufacturer=samsung, deviceModel=SM-A507FN, deviceName=RR8M901GK6R, deviceScreenDensity=420, deviceScreenSize=1080x2340, deviceUDID=RR8M901GK6R, javascriptEnabled=true, locationContextEnabled=false, networkConnectionEnabled=true, newCommandTimeout=0, noReset=true, pixelRatio=2.625, platform=LINUX, platformName=Android, platformVersion=10, statBarHeight=78, takesScreenshot=true, version=10, viewportRect={left=0, top=78, width=1080, height=2053}, warnings={}, webStorageEnabled=false}] -> xpath: //*[contains(text(),'Schedule') and contains(@href,'competitionschedule')]] (tried for 10 second(s) with 500 milliseconds interval)
Build info: version: '3.141.59', revision: 'e82be7d358', time: '2018-11-14T08:17:03'
System info: host: 'Potatos-Mac', ip: 'fe80:0:0:0:1068:486a:ca6f:4ce5%en0', os.name: 'Mac OS X', os.arch: 'x86_64', os.version: '10.15.6', java.version: '1.8.0_261'
Driver info: io.appium.java_client.android.AndroidDriver
Capabilities {BROWSER_NAME: Chrome, appActivity: com.google.android.apps.chr..., appPackage: com.android.chrome, automationName: UiAutomator2, browserName: Chrome, chromeOptions: {w3c: false}, chromedriverExecutable: /Users/fendyridwan/Document..., databaseEnabled: false, desired: {BROWSER_NAME: Chrome, automationName: UiAutomator2, browserName: Chrome, chromeOptions: {w3c: false}, chromedriverExecutable: /Users/fendyridwan/Document..., deviceName: Galaxy A50s, newCommandTimeout: 0, noReset: true, platformName: android, version: 10}, deviceApiLevel: 29, deviceManufacturer: samsung, deviceModel: SM-A507FN, deviceName: RR8M901GK6R, deviceScreenDensity: 420, deviceScreenSize: 1080x2340, deviceUDID: RR8M901GK6R, javascriptEnabled: true, locationContextEnabled: false, networkConnectionEnabled: true, newCommandTimeout: 0, noReset: true, pixelRatio: 2.625, platform: LINUX, platformName: Android, platformVersion: 10, statBarHeight: 78, takesScreenshot: true, version: 10, viewportRect: {height: 2053, left: 0, top: 78, width: 1080}, warnings: {}, webStorageEnabled: false}
Session ID: 695c9466-9c2f-4aff-8b62-5d130592c337
at org.openqa.selenium.support.ui.WebDriverWait.timeoutException(WebDriverWait.java:95)
at org.openqa.selenium.support.ui.FluentWait.until(FluentWait.java:272)
at Pages.HomePage.clickSchedule(HomePage.java:295)
at TestCases.ScheduleTest.F_004(ScheduleTest.java:166)
at sun.reflect.NativeMethodAccessorImpl.invoke0(Native Method)
at sun.reflect.NativeMethodAccessorImpl.invoke(NativeMethodAccessorImpl.java:62)
at sun.reflect.DelegatingMethodAccessorImpl.invoke(DelegatingMethodAccessorImpl.java:43)
at java.lang.reflect.Method.invoke(Method.java:498)
at org.testng.internal.MethodInvocationHelper.invokeMethod(MethodInvocationHelper.java:133)
at org.testng.internal.TestInvoker.invokeMethod(TestInvoker.java:584)
at org.testng.internal.TestInvoker.invokeTestMethod(TestInvoker.java:172)
at org.testng.internal.MethodRunner.runInSequence(MethodRunner.java:46)
at org.testng.internal.TestInvoker$MethodInvocationAgent.invoke(TestInvoker.java:804)
at org.testng.internal.TestInvoker.invokeTestMethods(TestInvoker.java:145)
at org.testng.internal.TestMethodWorker.invokeTestMethods(TestMethodWorker.java:146)
at org.testng.internal.TestMethodWorker.run(TestMethodWorker.java:128)
at java.util.ArrayList.forEach(ArrayList.java:1259)
at org.testng.TestRunner.privateRun(TestRunner.java:770)
at org.testng.TestRunner.run(TestRunner.java:591)
at org.testng.SuiteRunner.runTest(SuiteRunner.java:402)
at org.testng.SuiteRunner.runSequentially(SuiteRunner.java:396)
at org.testng.SuiteRunner.privateRun(SuiteRunner.java:355)
at org.testng.SuiteRunner.run(SuiteRunner.java:304)
at org.testng.SuiteRunnerWorker.runSuite(SuiteRunnerWorker.java:53)
at org.testng.SuiteRunnerWorker.run(SuiteRunnerWorker.java:96)
at org.testng.TestNG.runSuitesSequentially(TestNG.java:1180)
at org.testng.TestNG.runSuitesLocally(TestNG.java:1102)
at org.testng.TestNG.runSuites(TestNG.java:1032)
at org.testng.TestNG.run(TestNG.java:1000)
at org.testng.remote.AbstractRemoteTestNG.run(AbstractRemoteTestNG.java:115)
at org.testng.remote.RemoteTestNG.initAndRun(RemoteTestNG.java:251)
at org.testng.remote.RemoteTestNG.main(RemoteTestNG.java:77)
]]>
    </error>
  </testcase> <!-- F_004 -->
  <testcase name="F_002" time="46.393" classname="TestCases.ScheduleTest">
    <failure type="java.lang.AssertionError" message="The following asserts failed:
	load more button is not working properly did not expect to find [true] but found [false]">
      <![CDATA[java.lang.AssertionError: The following asserts failed:
load more button is not working properly did not expect to find [true] but found [false]
at org.testng.asserts.SoftAssert.assertAll(SoftAssert.java:47)
at org.testng.asserts.SoftAssert.assertAll(SoftAssert.java:31)
at TestCases.ScheduleTest.F_002(ScheduleTest.java:85)
at sun.reflect.NativeMethodAccessorImpl.invoke0(Native Method)
at sun.reflect.NativeMethodAccessorImpl.invoke(NativeMethodAccessorImpl.java:62)
at sun.reflect.DelegatingMethodAccessorImpl.invoke(DelegatingMethodAccessorImpl.java:43)
at java.lang.reflect.Method.invoke(Method.java:498)
at org.testng.internal.MethodInvocationHelper.invokeMethod(MethodInvocationHelper.java:133)
at org.testng.internal.TestInvoker.invokeMethod(TestInvoker.java:584)
at org.testng.internal.TestInvoker.invokeTestMethod(TestInvoker.java:172)
at org.testng.internal.MethodRunner.runInSequence(MethodRunner.java:46)
at org.testng.internal.TestInvoker$MethodInvocationAgent.invoke(TestInvoker.java:804)
at org.testng.internal.TestInvoker.invokeTestMethods(TestInvoker.java:145)
at org.testng.internal.TestMethodWorker.invokeTestMethods(TestMethodWorker.java:146)
at org.testng.internal.TestMethodWorker.run(TestMethodWorker.java:128)
at java.util.ArrayList.forEach(ArrayList.java:1259)
at org.testng.TestRunner.privateRun(TestRunner.java:770)
at org.testng.TestRunner.run(TestRunner.java:591)
at org.testng.SuiteRunner.runTest(SuiteRunner.java:402)
at org.testng.SuiteRunner.runSequentially(SuiteRunner.java:396)
at org.testng.SuiteRunner.privateRun(SuiteRunner.java:355)
at org.testng.SuiteRunner.run(SuiteRunner.java:304)
at org.testng.SuiteRunnerWorker.runSuite(SuiteRunnerWorker.java:53)
at org.testng.SuiteRunnerWorker.run(SuiteRunnerWorker.java:96)
at org.testng.TestNG.runSuitesSequentially(TestNG.java:1180)
at org.testng.TestNG.runSuitesLocally(TestNG.java:1102)
at org.testng.TestNG.runSuites(TestNG.java:1032)
at org.testng.TestNG.run(TestNG.java:1000)
at org.testng.remote.AbstractRemoteTestNG.run(AbstractRemoteTestNG.java:115)
at org.testng.remote.RemoteTestNG.initAndRun(RemoteTestNG.java:251)
at org.testng.remote.RemoteTestNG.main(RemoteTestNG.java:77)
]]>
    </failure>
  </testcase> <!-- F_002 -->
</testsuite> <!-- TestCases.ScheduleTest -->
