<?xml version="1.0" encoding="UTF-8"?>
<!-- Generated by org.testng.reporters.JUnitXMLReporter -->
<testsuite hostname="Potatos-Mac" ignored="54" name="Run devices 2" tests="3" failures="1" timestamp="2020-12-11T13:09:58 WIB" time="111.095" errors="0">
  <testcase name="@AfterClass resetApplicationState" time="0.155" classname="BaseSetting.BaseSetting">
    <failure type="org.openqa.selenium.WebDriverException" message="An unknown server-side error occurred while processing the command. Original error: Error finding if &amp;apos;com.android.chrome&amp;apos; is installed. Original error: Error executing adbExec. Original error: &amp;apos;Command &amp;apos;/Users/fendyridwan/Library/Android/sdk/platform-tools/adb -P 5037 -s RR8M901GK6R shell dumpsys package com.android.chrome&amp;apos; exited with code 1&amp;apos;; Stderr: &amp;apos;adb: device &amp;apos;RR8M901GK6R&amp;apos; not found&amp;apos;; Code: &amp;apos;1&amp;apos;
Build info: version: &amp;apos;3.141.59&amp;apos;, revision: &amp;apos;e82be7d358&amp;apos;, time: &amp;apos;2018-11-14T08:17:03&amp;apos;
System info: host: &amp;apos;Potatos-Mac&amp;apos;, ip: &amp;apos;fe80:0:0:0:1068:486a:ca6f:4ce5%en0&amp;apos;, os.name: &amp;apos;Mac OS X&amp;apos;, os.arch: &amp;apos;x86_64&amp;apos;, os.version: &amp;apos;10.15.6&amp;apos;, java.version: &amp;apos;1.8.0_261&amp;apos;
Driver info: io.appium.java_client.android.AndroidDriver
Capabilities {BROWSER_NAME: Chrome, appActivity: com.google.android.apps.chr..., appPackage: com.android.chrome, automationName: UiAutomator2, browserName: Chrome, chromeOptions: {w3c: false}, chromedriverExecutable: /Users/fendyridwan/Document..., databaseEnabled: false, desired: {BROWSER_NAME: Chrome, automationName: UiAutomator2, browserName: Chrome, chromeOptions: {w3c: false}, chromedriverExecutable: /Users/fendyridwan/Document..., deviceName: Galaxy A50s, newCommandTimeout: 0, noReset: true, platformName: android, version: 10}, deviceApiLevel: 29, deviceManufacturer: samsung, deviceModel: SM-A507FN, deviceName: RR8M901GK6R, deviceScreenDensity: 420, deviceScreenSize: 1080x2340, deviceUDID: RR8M901GK6R, javascriptEnabled: true, locationContextEnabled: false, networkConnectionEnabled: true, newCommandTimeout: 0, noReset: true, pixelRatio: 2.625, platform: LINUX, platformName: Android, platformVersion: 10, statBarHeight: 78, takesScreenshot: true, version: 10, viewportRect: {height: 2053, left: 0, top: 78, width: 1080}, warnings: {}, webStorageEnabled: false}
Session ID: 3b7522eb-6b96-47c9-89ec-a2017a5b01b7">
      <![CDATA[org.openqa.selenium.WebDriverException: An unknown server-side error occurred while processing the command. Original error: Error finding if 'com.android.chrome' is installed. Original error: Error executing adbExec. Original error: 'Command '/Users/fendyridwan/Library/Android/sdk/platform-tools/adb -P 5037 -s RR8M901GK6R shell dumpsys package com.android.chrome' exited with code 1'; Stderr: 'adb: device 'RR8M901GK6R' not found'; Code: '1'
Build info: version: '3.141.59', revision: 'e82be7d358', time: '2018-11-14T08:17:03'
System info: host: 'Potatos-Mac', ip: 'fe80:0:0:0:1068:486a:ca6f:4ce5%en0', os.name: 'Mac OS X', os.arch: 'x86_64', os.version: '10.15.6', java.version: '1.8.0_261'
Driver info: io.appium.java_client.android.AndroidDriver
Capabilities {BROWSER_NAME: Chrome, appActivity: com.google.android.apps.chr..., appPackage: com.android.chrome, automationName: UiAutomator2, browserName: Chrome, chromeOptions: {w3c: false}, chromedriverExecutable: /Users/fendyridwan/Document..., databaseEnabled: false, desired: {BROWSER_NAME: Chrome, automationName: UiAutomator2, browserName: Chrome, chromeOptions: {w3c: false}, chromedriverExecutable: /Users/fendyridwan/Document..., deviceName: Galaxy A50s, newCommandTimeout: 0, noReset: true, platformName: android, version: 10}, deviceApiLevel: 29, deviceManufacturer: samsung, deviceModel: SM-A507FN, deviceName: RR8M901GK6R, deviceScreenDensity: 420, deviceScreenSize: 1080x2340, deviceUDID: RR8M901GK6R, javascriptEnabled: true, locationContextEnabled: false, networkConnectionEnabled: true, newCommandTimeout: 0, noReset: true, pixelRatio: 2.625, platform: LINUX, platformName: Android, platformVersion: 10, statBarHeight: 78, takesScreenshot: true, version: 10, viewportRect: {height: 2053, left: 0, top: 78, width: 1080}, warnings: {}, webStorageEnabled: false}
Session ID: 3b7522eb-6b96-47c9-89ec-a2017a5b01b7
at org.openqa.selenium.remote.http.W3CHttpResponseCodec.createException(W3CHttpResponseCodec.java:187)
at org.openqa.selenium.remote.http.W3CHttpResponseCodec.decode(W3CHttpResponseCodec.java:122)
at org.openqa.selenium.remote.http.W3CHttpResponseCodec.decode(W3CHttpResponseCodec.java:49)
at org.openqa.selenium.remote.HttpCommandExecutor.execute(HttpCommandExecutor.java:158)
at io.appium.java_client.remote.AppiumCommandExecutor.execute(AppiumCommandExecutor.java:239)
at org.openqa.selenium.remote.RemoteWebDriver.execute(RemoteWebDriver.java:552)
at io.appium.java_client.DefaultGenericMobileDriver.execute(DefaultGenericMobileDriver.java:45)
at io.appium.java_client.AppiumDriver.execute(AppiumDriver.java:1)
at io.appium.java_client.android.AndroidDriver.execute(AndroidDriver.java:1)
at io.appium.java_client.InteractsWithApps.resetApp(InteractsWithApps.java:93)
at BaseSetting.BaseSetting.resetApplicationState(BaseSetting.java:221)
at java.util.ArrayList.forEach(ArrayList.java:1259)
... Removed 29 stack frames]]>
    </failure>
  </testcase> <!-- @AfterClass resetApplicationState -->
  <testcase name="H_003" time="35.363" classname="TestCases.GameDetailTest"/>
  <testcase name="H_004" time="38.783" classname="TestCases.GameDetailTest"/>
  <testcase name="H_005" time="0.11" classname="TestCases.GameDetailTest">
    <failure type="org.openqa.selenium.WebDriverException" message="An unknown server-side error occurred while processing the command. Original error: chrome not reachable
  (Session info: chrome=86.0.4240.99)
  (Driver info: chromedriver=86.0.4240.22 (398b0743353ff36fb1b82468f63a3a93b4e2e89e-refs/branch-heads/4240@{#378}),platform=Mac OS X 10.15.6 x86_64)
Build info: version: &amp;apos;3.141.59&amp;apos;, revision: &amp;apos;e82be7d358&amp;apos;, time: &amp;apos;2018-11-14T08:17:03&amp;apos;
System info: host: &amp;apos;Potatos-Mac&amp;apos;, ip: &amp;apos;fe80:0:0:0:1068:486a:ca6f:4ce5%en0&amp;apos;, os.name: &amp;apos;Mac OS X&amp;apos;, os.arch: &amp;apos;x86_64&amp;apos;, os.version: &amp;apos;10.15.6&amp;apos;, java.version: &amp;apos;1.8.0_261&amp;apos;
Driver info: io.appium.java_client.android.AndroidDriver
Capabilities {BROWSER_NAME: Chrome, appActivity: com.google.android.apps.chr..., appPackage: com.android.chrome, automationName: UiAutomator2, browserName: Chrome, chromeOptions: {w3c: false}, chromedriverExecutable: /Users/fendyridwan/Document..., databaseEnabled: false, desired: {BROWSER_NAME: Chrome, automationName: UiAutomator2, browserName: Chrome, chromeOptions: {w3c: false}, chromedriverExecutable: /Users/fendyridwan/Document..., deviceName: Galaxy A50s, newCommandTimeout: 0, noReset: true, platformName: android, version: 10}, deviceApiLevel: 29, deviceManufacturer: samsung, deviceModel: SM-A507FN, deviceName: RR8M901GK6R, deviceScreenDensity: 420, deviceScreenSize: 1080x2340, deviceUDID: RR8M901GK6R, javascriptEnabled: true, locationContextEnabled: false, networkConnectionEnabled: true, newCommandTimeout: 0, noReset: true, pixelRatio: 2.625, platform: LINUX, platformName: Android, platformVersion: 10, statBarHeight: 78, takesScreenshot: true, version: 10, viewportRect: {height: 2053, left: 0, top: 78, width: 1080}, warnings: {}, webStorageEnabled: false}
Session ID: 3b7522eb-6b96-47c9-89ec-a2017a5b01b7
*** Element info: {Using=xpath, value=//*[@id=&amp;quot;st-container&amp;quot;]/div[2]/div/div/div/div[3]/div[3]/a/img}">
      <![CDATA[org.openqa.selenium.WebDriverException: An unknown server-side error occurred while processing the command. Original error: chrome not reachable
  (Session info: chrome=86.0.4240.99)
  (Driver info: chromedriver=86.0.4240.22 (398b0743353ff36fb1b82468f63a3a93b4e2e89e-refs/branch-heads/4240@{#378}),platform=Mac OS X 10.15.6 x86_64)
Build info: version: '3.141.59', revision: 'e82be7d358', time: '2018-11-14T08:17:03'
System info: host: 'Potatos-Mac', ip: 'fe80:0:0:0:1068:486a:ca6f:4ce5%en0', os.name: 'Mac OS X', os.arch: 'x86_64', os.version: '10.15.6', java.version: '1.8.0_261'
Driver info: io.appium.java_client.android.AndroidDriver
Capabilities {BROWSER_NAME: Chrome, appActivity: com.google.android.apps.chr..., appPackage: com.android.chrome, automationName: UiAutomator2, browserName: Chrome, chromeOptions: {w3c: false}, chromedriverExecutable: /Users/fendyridwan/Document..., databaseEnabled: false, desired: {BROWSER_NAME: Chrome, automationName: UiAutomator2, browserName: Chrome, chromeOptions: {w3c: false}, chromedriverExecutable: /Users/fendyridwan/Document..., deviceName: Galaxy A50s, newCommandTimeout: 0, noReset: true, platformName: android, version: 10}, deviceApiLevel: 29, deviceManufacturer: samsung, deviceModel: SM-A507FN, deviceName: RR8M901GK6R, deviceScreenDensity: 420, deviceScreenSize: 1080x2340, deviceUDID: RR8M901GK6R, javascriptEnabled: true, locationContextEnabled: false, networkConnectionEnabled: true, newCommandTimeout: 0, noReset: true, pixelRatio: 2.625, platform: LINUX, platformName: Android, platformVersion: 10, statBarHeight: 78, takesScreenshot: true, version: 10, viewportRect: {height: 2053, left: 0, top: 78, width: 1080}, warnings: {}, webStorageEnabled: false}
Session ID: 3b7522eb-6b96-47c9-89ec-a2017a5b01b7
*** Element info: {Using=xpath, value=//*[@id="st-container"]/div[2]/div/div/div/div[3]/div[3]/a/img}
at org.openqa.selenium.remote.http.W3CHttpResponseCodec.createException(W3CHttpResponseCodec.java:187)
at org.openqa.selenium.remote.http.W3CHttpResponseCodec.decode(W3CHttpResponseCodec.java:122)
at org.openqa.selenium.remote.http.W3CHttpResponseCodec.decode(W3CHttpResponseCodec.java:49)
at org.openqa.selenium.remote.HttpCommandExecutor.execute(HttpCommandExecutor.java:158)
at io.appium.java_client.remote.AppiumCommandExecutor.execute(AppiumCommandExecutor.java:239)
at org.openqa.selenium.remote.RemoteWebDriver.execute(RemoteWebDriver.java:552)
at io.appium.java_client.DefaultGenericMobileDriver.execute(DefaultGenericMobileDriver.java:41)
at io.appium.java_client.AppiumDriver.execute(AppiumDriver.java:1)
at io.appium.java_client.android.AndroidDriver.execute(AndroidDriver.java:1)
at org.openqa.selenium.remote.RemoteWebDriver.findElement(RemoteWebDriver.java:323)
at io.appium.java_client.DefaultGenericMobileDriver.findElement(DefaultGenericMobileDriver.java:61)
at io.appium.java_client.AppiumDriver.findElement(AppiumDriver.java:1)
at io.appium.java_client.android.AndroidDriver.findElement(AndroidDriver.java:1)
at org.openqa.selenium.remote.RemoteWebDriver.findElementByXPath(RemoteWebDriver.java:428)
at io.appium.java_client.DefaultGenericMobileDriver.findElementByXPath(DefaultGenericMobileDriver.java:151)
at io.appium.java_client.AppiumDriver.findElementByXPath(AppiumDriver.java:1)
at io.appium.java_client.android.AndroidDriver.findElementByXPath(AndroidDriver.java:1)
at org.openqa.selenium.By$ByXPath.findElement(By.java:353)
at org.openqa.selenium.remote.RemoteWebDriver.findElement(RemoteWebDriver.java:315)
at io.appium.java_client.DefaultGenericMobileDriver.findElement(DefaultGenericMobileDriver.java:57)
at io.appium.java_client.AppiumDriver.findElement(AppiumDriver.java:1)
at io.appium.java_client.android.AndroidDriver.findElement(AndroidDriver.java:1)
at BaseSetting.BaseSetting.scrollDownIntoElement(BaseSetting.java:155)
at Pages.HomePage.clickBanner3(HomePage.java:253)
at TestCases.GameDetailTest.H_005(GameDetailTest.java:112)
at java.util.ArrayList.forEach(ArrayList.java:1259)
... Removed 31 stack frames]]>
    </failure>
  </testcase> <!-- H_005 -->
  <testcase name="F_002" time="0.0" classname="TestCases.ScheduleTest">
    <ignored/>
  </testcase> <!-- F_002 -->
  <testcase name="E_008" time="0.0" classname="TestCases.SideMenuTest">
    <ignored/>
  </testcase> <!-- E_008 -->
  <testcase name="E_003" time="0.0" classname="TestCases.SideMenuTest">
    <ignored/>
  </testcase> <!-- E_003 -->
  <testcase name="E_002" time="0.0" classname="TestCases.SideMenuTest">
    <ignored/>
  </testcase> <!-- E_002 -->
  <testcase name="E_005" time="0.0" classname="TestCases.SideMenuTest">
    <ignored/>
  </testcase> <!-- E_005 -->
  <testcase name="E_006" time="0.0" classname="TestCases.SideMenuTest">
    <ignored/>
  </testcase> <!-- E_006 -->
  <testcase name="E_009" time="0.0" classname="TestCases.SideMenuTest">
    <ignored/>
  </testcase> <!-- E_009 -->
  <testcase name="C_004" time="0.0" classname="TestCases.HomePageTest">
    <ignored/>
  </testcase> <!-- C_004 -->
  <testcase name="C_007" time="0.0" classname="TestCases.HomePageTest">
    <ignored/>
  </testcase> <!-- C_007 -->
  <testcase name="C_005" time="0.0" classname="TestCases.HomePageTest">
    <ignored/>
  </testcase> <!-- C_005 -->
  <testcase name="C_009" time="0.0" classname="TestCases.HomePageTest">
    <ignored/>
  </testcase> <!-- C_009 -->
  <testcase name="@BeforeSuite deleteScreenShot" time="0.0" classname="BaseSetting.BaseSetting">
    <ignored/>
  </testcase> <!-- @BeforeSuite deleteScreenShot -->
  <testcase name="@BeforeSuite deleteScreenShot" time="0.0" classname="BaseSetting.BaseSetting">
    <ignored/>
  </testcase> <!-- @BeforeSuite deleteScreenShot -->
  <testcase name="@BeforeSuite deleteScreenShot" time="0.0" classname="BaseSetting.BaseSetting">
    <ignored/>
  </testcase> <!-- @BeforeSuite deleteScreenShot -->
  <testcase name="@BeforeSuite deleteScreenShot" time="0.0" classname="BaseSetting.BaseSetting">
    <ignored/>
  </testcase> <!-- @BeforeSuite deleteScreenShot -->
  <testcase name="@BeforeSuite deleteScreenShot" time="0.0" classname="BaseSetting.BaseSetting">
    <ignored/>
  </testcase> <!-- @BeforeSuite deleteScreenShot -->
  <testcase name="@BeforeSuite deleteScreenShot" time="0.0" classname="BaseSetting.BaseSetting">
    <ignored/>
  </testcase> <!-- @BeforeSuite deleteScreenShot -->
  <testcase name="@BeforeSuite deleteScreenShot" time="0.0" classname="BaseSetting.BaseSetting">
    <ignored/>
  </testcase> <!-- @BeforeSuite deleteScreenShot -->
  <testcase name="H_002" time="0.0" classname="TestCases.GameDetailTest">
    <ignored/>
  </testcase> <!-- H_002 -->
  <testcase name="C_006" time="0.0" classname="TestCases.HomePageTest">
    <ignored/>
  </testcase> <!-- C_006 -->
  <testcase name="C_001" time="0.0" classname="TestCases.HomePageTest">
    <ignored/>
  </testcase> <!-- C_001 -->
  <testcase name="H_001" time="0.0" classname="TestCases.GameDetailTest">
    <ignored/>
  </testcase> <!-- H_001 -->
  <testcase name="H_008" time="0.0" classname="TestCases.GameDetailTest">
    <ignored/>
  </testcase> <!-- H_008 -->
  <testcase name="H_007" time="0.0" classname="TestCases.GameDetailTest">
    <ignored/>
  </testcase> <!-- H_007 -->
  <testcase name="B_002" time="0.0" classname="TestCases.TopNavigationTest">
    <ignored/>
  </testcase> <!-- B_002 -->
  <testcase name="@BeforeSuite a_SetUpAppium" time="0.0" classname="BaseSetting.BaseSetting">
    <ignored/>
  </testcase> <!-- @BeforeSuite a_SetUpAppium -->
  <testcase name="@BeforeSuite a_SetUpAppium" time="0.0" classname="BaseSetting.BaseSetting">
    <ignored/>
  </testcase> <!-- @BeforeSuite a_SetUpAppium -->
  <testcase name="@BeforeSuite a_SetUpAppium" time="0.0" classname="BaseSetting.BaseSetting">
    <ignored/>
  </testcase> <!-- @BeforeSuite a_SetUpAppium -->
  <testcase name="@BeforeSuite a_SetUpAppium" time="0.0" classname="BaseSetting.BaseSetting">
    <ignored/>
  </testcase> <!-- @BeforeSuite a_SetUpAppium -->
  <testcase name="@BeforeSuite a_SetUpAppium" time="0.0" classname="BaseSetting.BaseSetting">
    <ignored/>
  </testcase> <!-- @BeforeSuite a_SetUpAppium -->
  <testcase name="@BeforeSuite a_SetUpAppium" time="0.0" classname="BaseSetting.BaseSetting">
    <ignored/>
  </testcase> <!-- @BeforeSuite a_SetUpAppium -->
  <testcase name="@BeforeSuite a_SetUpAppium" time="0.0" classname="BaseSetting.BaseSetting">
    <ignored/>
  </testcase> <!-- @BeforeSuite a_SetUpAppium -->
  <testcase name="B_003" time="0.0" classname="TestCases.TopNavigationTest">
    <ignored/>
  </testcase> <!-- B_003 -->
  <testcase name="B_004" time="0.0" classname="TestCases.TopNavigationTest">
    <ignored/>
  </testcase> <!-- B_004 -->
  <testcase name="B_001" time="0.0" classname="TestCases.TopNavigationTest">
    <ignored/>
  </testcase> <!-- B_001 -->
  <testcase name="G_003" time="0.0" classname="TestCases.WinnerListTest">
    <ignored/>
  </testcase> <!-- G_003 -->
  <testcase name="G_001" time="0.0" classname="TestCases.WinnerListTest">
    <ignored/>
  </testcase> <!-- G_001 -->
  <testcase name="G_002" time="0.0" classname="TestCases.WinnerListTest">
    <ignored/>
  </testcase> <!-- G_002 -->
  <testcase name="E_004" time="0.0" classname="TestCases.SideMenuTest">
    <ignored/>
  </testcase> <!-- E_004 -->
  <testcase name="A_001" time="0.0" classname="TestCases.LaunchWebTest">
    <ignored/>
  </testcase> <!-- A_001 -->
  <testcase name="D_002" time="0.0" classname="TestCases.SearchTest">
    <ignored/>
  </testcase> <!-- D_002 -->
  <testcase name="D_001" time="0.0" classname="TestCases.SearchTest">
    <ignored/>
  </testcase> <!-- D_001 -->
  <testcase name="D_004" time="0.0" classname="TestCases.SearchTest">
    <ignored/>
  </testcase> <!-- D_004 -->
  <testcase name="@AfterSuite quitDriver" time="0.0" classname="BaseSetting.BaseSetting">
    <ignored/>
  </testcase> <!-- @AfterSuite quitDriver -->
  <testcase name="@AfterSuite quitDriver" time="0.0" classname="BaseSetting.BaseSetting">
    <ignored/>
  </testcase> <!-- @AfterSuite quitDriver -->
  <testcase name="@AfterSuite quitDriver" time="0.0" classname="BaseSetting.BaseSetting">
    <ignored/>
  </testcase> <!-- @AfterSuite quitDriver -->
  <testcase name="@AfterSuite quitDriver" time="0.0" classname="BaseSetting.BaseSetting">
    <ignored/>
  </testcase> <!-- @AfterSuite quitDriver -->
  <testcase name="@AfterSuite quitDriver" time="0.0" classname="BaseSetting.BaseSetting">
    <ignored/>
  </testcase> <!-- @AfterSuite quitDriver -->
  <testcase name="@AfterSuite quitDriver" time="0.0" classname="BaseSetting.BaseSetting">
    <ignored/>
  </testcase> <!-- @AfterSuite quitDriver -->
  <testcase name="@AfterSuite quitDriver" time="0.0" classname="BaseSetting.BaseSetting">
    <ignored/>
  </testcase> <!-- @AfterSuite quitDriver -->
  <testcase name="D_003" time="0.0" classname="TestCases.SearchTest">
    <ignored/>
  </testcase> <!-- D_003 -->
  <testcase name="F_001" time="0.0" classname="TestCases.ScheduleTest">
    <ignored/>
  </testcase> <!-- F_001 -->
  <testcase name="F_004" time="0.0" classname="TestCases.ScheduleTest">
    <ignored/>
  </testcase> <!-- F_004 -->
  <testcase name="F_003" time="0.0" classname="TestCases.ScheduleTest">
    <ignored/>
  </testcase> <!-- F_003 -->
</testsuite> <!-- Run devices 2 -->
