<?xml version="1.0" encoding="UTF-8"?>
<!-- Generated by org.testng.reporters.JUnitXMLReporter -->
<testsuite hostname="Potatos-Mac" ignored="8" name="Run devices 2" tests="2" failures="1" timestamp="2020-12-06T13:03:18 WIB" time="62.496" errors="0">
  <testcase name="B_001" time="25.671" classname="TestCases.AuthenticationTest">
    <failure type="java.lang.AssertionError" message="The following asserts failed:
	text hello guest is not exist did not expect to find [true] but found [false],
	Logout button should not be exist, but its exist did not expect to find [true] but found [false]">
      <![CDATA[java.lang.AssertionError: The following asserts failed:
text hello guest is not exist did not expect to find [true] but found [false],
Logout button should not be exist, but its exist did not expect to find [true] but found [false]
at TestCases.AuthenticationTest.B_001(AuthenticationTest.java:47)
at java.util.ArrayList.forEach(ArrayList.java:1259)
... Removed 29 stack frames]]>
    </failure>
  </testcase> <!-- B_001 -->
  <testcase name="C_001" time="21.944" classname="TestCases.HomePageTest"/>
  <testcase name="C_004" time="0.0" classname="TestCases.HomePageTest">
    <ignored/>
  </testcase> <!-- C_004 -->
  <testcase name="Authentication_01" time="0.0" classname="TestCases.AuthenticationTest">
    <ignored/>
  </testcase> <!-- Authentication_01 -->
  <testcase name="@BeforeSuite deleteScreenShot" time="0.0" classname="BaseSetting.BaseSetting">
    <ignored/>
  </testcase> <!-- @BeforeSuite deleteScreenShot -->
  <testcase name="Authentication_02" time="0.0" classname="TestCases.AuthenticationTest">
    <ignored/>
  </testcase> <!-- Authentication_02 -->
  <testcase name="@BeforeSuite a_SetUpAppium" time="0.0" classname="BaseSetting.BaseSetting">
    <ignored/>
  </testcase> <!-- @BeforeSuite a_SetUpAppium -->
  <testcase name="Authentication_03" time="0.0" classname="TestCases.AuthenticationTest">
    <ignored/>
  </testcase> <!-- Authentication_03 -->
  <testcase name="Authentication_04" time="0.0" classname="TestCases.AuthenticationTest">
    <ignored/>
  </testcase> <!-- Authentication_04 -->
  <testcase name="@AfterSuite quitDriver" time="0.0" classname="BaseSetting.BaseSetting">
    <ignored/>
  </testcase> <!-- @AfterSuite quitDriver -->
</testsuite> <!-- Run devices 2 -->
