<?xml version="1.0" encoding="UTF-8"?>
<!-- Generated by org.testng.reporters.JUnitXMLReporter -->
<testsuite hostname="Potatos-Mac" ignored="2" name="Default test" tests="1" failures="0" timestamp="2020-12-09T11:58:34 WIB" time="0.159" errors="0">
  <testcase name="@BeforeSuite a_SetUpAppium" time="-1.60748991445E9" classname="BaseSetting.BaseSetting">
    <failure type="org.testng.TestNGException" message="
Parameter &amp;apos;env&amp;apos; is required by BeforeSuite on method a_SetUpAppium but has not been marked @Optional or defined
in /private/var/folders/pz/vbvlmv8j3s19l6_0lxckfr_r0000gp/T/testng-eclipse--1631775986/testng-customsuite.xml">
      <![CDATA[org.testng.TestNGException: 
Parameter 'env' is required by BeforeSuite on method a_SetUpAppium but has not been marked @Optional or defined
in /private/var/folders/pz/vbvlmv8j3s19l6_0lxckfr_r0000gp/T/testng-eclipse--1631775986/testng-customsuite.xml
at org.testng.internal.Parameters.createParams(Parameters.java:289)
at org.testng.internal.Parameters.createParametersForMethod(Parameters.java:377)
at org.testng.internal.Parameters.createParameters(Parameters.java:721)
at org.testng.internal.Parameters.createConfigurationParameters(Parameters.java:164)
at org.testng.internal.ConfigInvoker.invokeConfigurations(ConfigInvoker.java:275)
at org.testng.SuiteRunner.privateRun(SuiteRunner.java:345)
at org.testng.SuiteRunner.run(SuiteRunner.java:304)
at org.testng.SuiteRunnerWorker.runSuite(SuiteRunnerWorker.java:53)
at org.testng.SuiteRunnerWorker.run(SuiteRunnerWorker.java:96)
at org.testng.TestNG.runSuitesSequentially(TestNG.java:1180)
at org.testng.TestNG.runSuitesLocally(TestNG.java:1102)
at org.testng.TestNG.runSuites(TestNG.java:1032)
at org.testng.TestNG.run(TestNG.java:1000)
at org.testng.remote.AbstractRemoteTestNG.run(AbstractRemoteTestNG.java:115)
at org.testng.remote.RemoteTestNG.initAndRun(RemoteTestNG.java:251)
at org.testng.remote.RemoteTestNG.main(RemoteTestNG.java:77)
]]>
    </failure>
  </testcase> <!-- @BeforeSuite a_SetUpAppium -->
  <testcase name="@BeforeSuite deleteScreenShot" time="-1.607489914512E9" classname="BaseSetting.BaseSetting">
    <skipped/>
  </testcase> <!-- @BeforeSuite deleteScreenShot -->
  <testcase name="@BeforeMethod accessHomePage" time="-1.60748991464E9" classname="BaseSetting.BaseSetting">
    <skipped/>
  </testcase> <!-- @BeforeMethod accessHomePage -->
  <testcase name="@AfterClass resetApplicationState" time="-1.607489914683E9" classname="BaseSetting.BaseSetting">
    <skipped/>
  </testcase> <!-- @AfterClass resetApplicationState -->
  <testcase name="H_003" time="0.0" classname="TestCases.WinnerListTest">
    <skipped/>
  </testcase> <!-- H_003 -->
  <testcase name="H_002" time="0.0" classname="TestCases.WinnerListTest">
    <ignored/>
  </testcase> <!-- H_002 -->
  <testcase name="H_001" time="0.0" classname="TestCases.WinnerListTest">
    <ignored/>
  </testcase> <!-- H_001 -->
</testsuite> <!-- Default test -->
