<?xml version="1.0" encoding="UTF-8"?>
<testng-results skipped="3" failed="0" ignored="54" total="57" passed="0">
  <reporter-output>
  </reporter-output>
  <suite name="MySuite" duration-ms="87" started-at="2020-12-11T13:05:10 WIB" finished-at="2020-12-11T13:05:10 WIB">
    <groups>
    </groups>
    <test name="Run devices 2" duration-ms="87" started-at="2020-12-11T13:05:10 WIB" finished-at="2020-12-11T13:05:10 WIB">
      <class name="TestCases.GameDetailTest">
        <test-method status="SKIP" signature="accessHomePage()[pri:0, instance:TestCases.GameDetailTest@528931cf]" name="accessHomePage" is-config="true" duration-ms="-1607666710934" started-at="2020-12-11T13:05:10 WIB" finished-at="1970-01-01T07:00:00 WIB">
          <reporter-output>
          </reporter-output>
        </test-method> <!-- accessHomePage -->
        <test-method status="SKIP" signature="H_003()[pri:0, instance:TestCases.GameDetailTest@528931cf]" name="H_003" duration-ms="0" started-at="2020-12-11T13:05:10 WIB" finished-at="2020-12-11T13:05:10 WIB">
          <exception class="java.lang.NoClassDefFoundError">
            <message>
              <![CDATA[org/openqa/selenium/logging/LoggingHandler]]>
            </message>
            <full-stacktrace>
              <![CDATA[java.lang.NoClassDefFoundError: org/openqa/selenium/logging/LoggingHandler
at BaseSetting.BaseSetting.a_SetUpAppium(BaseSetting.java:95)
at sun.reflect.NativeMethodAccessorImpl.invoke0(Native Method)
at sun.reflect.NativeMethodAccessorImpl.invoke(NativeMethodAccessorImpl.java:62)
at sun.reflect.DelegatingMethodAccessorImpl.invoke(DelegatingMethodAccessorImpl.java:43)
at java.lang.reflect.Method.invoke(Method.java:498)
at org.testng.internal.MethodInvocationHelper.invokeMethod(MethodInvocationHelper.java:133)
at org.testng.internal.MethodInvocationHelper.invokeMethodConsideringTimeout(MethodInvocationHelper.java:62)
at org.testng.internal.ConfigInvoker.invokeConfigurationMethod(ConfigInvoker.java:340)
at org.testng.internal.ConfigInvoker.invokeConfigurations(ConfigInvoker.java:294)
at org.testng.SuiteRunner.privateRun(SuiteRunner.java:345)
at org.testng.SuiteRunner.run(SuiteRunner.java:304)
at org.testng.SuiteRunnerWorker.runSuite(SuiteRunnerWorker.java:53)
at org.testng.SuiteRunnerWorker.run(SuiteRunnerWorker.java:96)
at org.testng.TestNG.runSuitesSequentially(TestNG.java:1180)
at org.testng.TestNG.runSuitesLocally(TestNG.java:1102)
at org.testng.TestNG.runSuites(TestNG.java:1032)
at org.testng.TestNG.run(TestNG.java:1000)
at org.testng.remote.AbstractRemoteTestNG.run(AbstractRemoteTestNG.java:115)
at org.testng.remote.RemoteTestNG.initAndRun(RemoteTestNG.java:251)
at org.testng.remote.RemoteTestNG.main(RemoteTestNG.java:77)
Caused by: java.lang.ClassNotFoundException: org.openqa.selenium.logging.LoggingHandler
at java.net.URLClassLoader.findClass(URLClassLoader.java:382)
at java.lang.ClassLoader.loadClass(ClassLoader.java:418)
at sun.misc.Launcher$AppClassLoader.loadClass(Launcher.java:355)
at java.lang.ClassLoader.loadClass(ClassLoader.java:351)
... 20 more
]]>
            </full-stacktrace>
          </exception> <!-- java.lang.NoClassDefFoundError -->
          <reporter-output>
          </reporter-output>
        </test-method> <!-- H_003 -->
        <test-method status="SKIP" signature="accessHomePage()[pri:0, instance:TestCases.GameDetailTest@528931cf]" name="accessHomePage" is-config="true" duration-ms="-1607666710948" started-at="2020-12-11T13:05:10 WIB" finished-at="1970-01-01T07:00:00 WIB">
          <reporter-output>
          </reporter-output>
        </test-method> <!-- accessHomePage -->
        <test-method status="SKIP" signature="H_004()[pri:0, instance:TestCases.GameDetailTest@528931cf]" name="H_004" duration-ms="0" started-at="2020-12-11T13:05:10 WIB" finished-at="2020-12-11T13:05:10 WIB">
          <exception class="java.lang.NoClassDefFoundError">
            <message>
              <![CDATA[org/openqa/selenium/logging/LoggingHandler]]>
            </message>
            <full-stacktrace>
              <![CDATA[java.lang.NoClassDefFoundError: org/openqa/selenium/logging/LoggingHandler
at BaseSetting.BaseSetting.a_SetUpAppium(BaseSetting.java:95)
at sun.reflect.NativeMethodAccessorImpl.invoke0(Native Method)
at sun.reflect.NativeMethodAccessorImpl.invoke(NativeMethodAccessorImpl.java:62)
at sun.reflect.DelegatingMethodAccessorImpl.invoke(DelegatingMethodAccessorImpl.java:43)
at java.lang.reflect.Method.invoke(Method.java:498)
at org.testng.internal.MethodInvocationHelper.invokeMethod(MethodInvocationHelper.java:133)
at org.testng.internal.MethodInvocationHelper.invokeMethodConsideringTimeout(MethodInvocationHelper.java:62)
at org.testng.internal.ConfigInvoker.invokeConfigurationMethod(ConfigInvoker.java:340)
at org.testng.internal.ConfigInvoker.invokeConfigurations(ConfigInvoker.java:294)
at org.testng.SuiteRunner.privateRun(SuiteRunner.java:345)
at org.testng.SuiteRunner.run(SuiteRunner.java:304)
at org.testng.SuiteRunnerWorker.runSuite(SuiteRunnerWorker.java:53)
at org.testng.SuiteRunnerWorker.run(SuiteRunnerWorker.java:96)
at org.testng.TestNG.runSuitesSequentially(TestNG.java:1180)
at org.testng.TestNG.runSuitesLocally(TestNG.java:1102)
at org.testng.TestNG.runSuites(TestNG.java:1032)
at org.testng.TestNG.run(TestNG.java:1000)
at org.testng.remote.AbstractRemoteTestNG.run(AbstractRemoteTestNG.java:115)
at org.testng.remote.RemoteTestNG.initAndRun(RemoteTestNG.java:251)
at org.testng.remote.RemoteTestNG.main(RemoteTestNG.java:77)
Caused by: java.lang.ClassNotFoundException: org.openqa.selenium.logging.LoggingHandler
at java.net.URLClassLoader.findClass(URLClassLoader.java:382)
at java.lang.ClassLoader.loadClass(ClassLoader.java:418)
at sun.misc.Launcher$AppClassLoader.loadClass(Launcher.java:355)
at java.lang.ClassLoader.loadClass(ClassLoader.java:351)
... 20 more
]]>
            </full-stacktrace>
          </exception> <!-- java.lang.NoClassDefFoundError -->
          <reporter-output>
          </reporter-output>
        </test-method> <!-- H_004 -->
        <test-method status="SKIP" signature="accessHomePage()[pri:0, instance:TestCases.GameDetailTest@528931cf]" name="accessHomePage" is-config="true" duration-ms="-1607666710957" started-at="2020-12-11T13:05:10 WIB" finished-at="1970-01-01T07:00:00 WIB">
          <reporter-output>
          </reporter-output>
        </test-method> <!-- accessHomePage -->
        <test-method status="SKIP" signature="H_005()[pri:0, instance:TestCases.GameDetailTest@528931cf]" name="H_005" duration-ms="1" started-at="2020-12-11T13:05:10 WIB" finished-at="2020-12-11T13:05:10 WIB">
          <exception class="java.lang.NoClassDefFoundError">
            <message>
              <![CDATA[org/openqa/selenium/logging/LoggingHandler]]>
            </message>
            <full-stacktrace>
              <![CDATA[java.lang.NoClassDefFoundError: org/openqa/selenium/logging/LoggingHandler
at BaseSetting.BaseSetting.a_SetUpAppium(BaseSetting.java:95)
at sun.reflect.NativeMethodAccessorImpl.invoke0(Native Method)
at sun.reflect.NativeMethodAccessorImpl.invoke(NativeMethodAccessorImpl.java:62)
at sun.reflect.DelegatingMethodAccessorImpl.invoke(DelegatingMethodAccessorImpl.java:43)
at java.lang.reflect.Method.invoke(Method.java:498)
at org.testng.internal.MethodInvocationHelper.invokeMethod(MethodInvocationHelper.java:133)
at org.testng.internal.MethodInvocationHelper.invokeMethodConsideringTimeout(MethodInvocationHelper.java:62)
at org.testng.internal.ConfigInvoker.invokeConfigurationMethod(ConfigInvoker.java:340)
at org.testng.internal.ConfigInvoker.invokeConfigurations(ConfigInvoker.java:294)
at org.testng.SuiteRunner.privateRun(SuiteRunner.java:345)
at org.testng.SuiteRunner.run(SuiteRunner.java:304)
at org.testng.SuiteRunnerWorker.runSuite(SuiteRunnerWorker.java:53)
at org.testng.SuiteRunnerWorker.run(SuiteRunnerWorker.java:96)
at org.testng.TestNG.runSuitesSequentially(TestNG.java:1180)
at org.testng.TestNG.runSuitesLocally(TestNG.java:1102)
at org.testng.TestNG.runSuites(TestNG.java:1032)
at org.testng.TestNG.run(TestNG.java:1000)
at org.testng.remote.AbstractRemoteTestNG.run(AbstractRemoteTestNG.java:115)
at org.testng.remote.RemoteTestNG.initAndRun(RemoteTestNG.java:251)
at org.testng.remote.RemoteTestNG.main(RemoteTestNG.java:77)
Caused by: java.lang.ClassNotFoundException: org.openqa.selenium.logging.LoggingHandler
at java.net.URLClassLoader.findClass(URLClassLoader.java:382)
at java.lang.ClassLoader.loadClass(ClassLoader.java:418)
at sun.misc.Launcher$AppClassLoader.loadClass(Launcher.java:355)
at java.lang.ClassLoader.loadClass(ClassLoader.java:351)
... 20 more
]]>
            </full-stacktrace>
          </exception> <!-- java.lang.NoClassDefFoundError -->
          <reporter-output>
          </reporter-output>
        </test-method> <!-- H_005 -->
        <test-method status="SKIP" signature="resetApplicationState()[pri:0, instance:TestCases.GameDetailTest@528931cf]" name="resetApplicationState" is-config="true" duration-ms="-1607666710976" started-at="2020-12-11T13:05:10 WIB" finished-at="1970-01-01T07:00:00 WIB">
          <reporter-output>
          </reporter-output>
        </test-method> <!-- resetApplicationState -->
      </class> <!-- TestCases.GameDetailTest -->
      <class name="TestCases.LaunchWebTest">
        <test-method status="FAIL" signature="a_SetUpAppium(java.lang.String, java.lang.String, java.lang.String, java.lang.String, java.lang.String, java.lang.String)[pri:0, instance:TestCases.LaunchWebTest@5faeada1]" name="a_SetUpAppium" is-config="true" duration-ms="58" started-at="2020-12-11T13:05:10 WIB" finished-at="2020-12-11T13:05:10 WIB">
          <params>
            <param index="0">
              <value>
                <![CDATA[beta]]>
              </value>
            </param>
            <param index="1">
              <value>
                <![CDATA[sg]]>
              </value>
            </param>
            <param index="2">
              <value>
                <![CDATA[4723]]>
              </value>
            </param>
            <param index="3">
              <value>
                <![CDATA[RR8M901GK6R]]>
              </value>
            </param>
            <param index="4">
              <value>
                <![CDATA[Galaxy A50s]]>
              </value>
            </param>
            <param index="5">
              <value>
                <![CDATA[aws]]>
              </value>
            </param>
          </params>
          <exception class="java.lang.NoClassDefFoundError">
            <message>
              <![CDATA[org/openqa/selenium/logging/LoggingHandler]]>
            </message>
            <full-stacktrace>
              <![CDATA[java.lang.NoClassDefFoundError: org/openqa/selenium/logging/LoggingHandler
at BaseSetting.BaseSetting.a_SetUpAppium(BaseSetting.java:95)
at sun.reflect.NativeMethodAccessorImpl.invoke0(Native Method)
at sun.reflect.NativeMethodAccessorImpl.invoke(NativeMethodAccessorImpl.java:62)
at sun.reflect.DelegatingMethodAccessorImpl.invoke(DelegatingMethodAccessorImpl.java:43)
at java.lang.reflect.Method.invoke(Method.java:498)
at org.testng.internal.MethodInvocationHelper.invokeMethod(MethodInvocationHelper.java:133)
at org.testng.internal.MethodInvocationHelper.invokeMethodConsideringTimeout(MethodInvocationHelper.java:62)
at org.testng.internal.ConfigInvoker.invokeConfigurationMethod(ConfigInvoker.java:340)
at org.testng.internal.ConfigInvoker.invokeConfigurations(ConfigInvoker.java:294)
at org.testng.SuiteRunner.privateRun(SuiteRunner.java:345)
at org.testng.SuiteRunner.run(SuiteRunner.java:304)
at org.testng.SuiteRunnerWorker.runSuite(SuiteRunnerWorker.java:53)
at org.testng.SuiteRunnerWorker.run(SuiteRunnerWorker.java:96)
at org.testng.TestNG.runSuitesSequentially(TestNG.java:1180)
at org.testng.TestNG.runSuitesLocally(TestNG.java:1102)
at org.testng.TestNG.runSuites(TestNG.java:1032)
at org.testng.TestNG.run(TestNG.java:1000)
at org.testng.remote.AbstractRemoteTestNG.run(AbstractRemoteTestNG.java:115)
at org.testng.remote.RemoteTestNG.initAndRun(RemoteTestNG.java:251)
at org.testng.remote.RemoteTestNG.main(RemoteTestNG.java:77)
Caused by: java.lang.ClassNotFoundException: org.openqa.selenium.logging.LoggingHandler
at java.net.URLClassLoader.findClass(URLClassLoader.java:382)
at java.lang.ClassLoader.loadClass(ClassLoader.java:418)
at sun.misc.Launcher$AppClassLoader.loadClass(Launcher.java:355)
at java.lang.ClassLoader.loadClass(ClassLoader.java:351)
... 20 more
]]>
            </full-stacktrace>
          </exception> <!-- java.lang.NoClassDefFoundError -->
          <reporter-output>
          </reporter-output>
        </test-method> <!-- a_SetUpAppium -->
        <test-method status="SKIP" signature="deleteScreenShot()[pri:0, instance:TestCases.LaunchWebTest@5faeada1]" name="deleteScreenShot" is-config="true" duration-ms="-1607666710884" started-at="2020-12-11T13:05:10 WIB" finished-at="1970-01-01T07:00:00 WIB">
          <reporter-output>
          </reporter-output>
        </test-method> <!-- deleteScreenShot -->
        <test-method status="SKIP" signature="quitDriver()[pri:0, instance:TestCases.LaunchWebTest@5faeada1]" name="quitDriver" is-config="true" duration-ms="-1607666711119" started-at="2020-12-11T13:05:11 WIB" finished-at="1970-01-01T07:00:00 WIB">
          <reporter-output>
          </reporter-output>
        </test-method> <!-- quitDriver -->
      </class> <!-- TestCases.LaunchWebTest -->
    </test> <!-- Run devices 2 -->
  </suite> <!-- MySuite -->
</testng-results>
