<?xml version="1.0" encoding="UTF-8"?>
<testng-results skipped="0" failed="7" ignored="21" total="56" passed="28">
  <reporter-output>
  </reporter-output>
  <suite name="MySuite" duration-ms="1330089" started-at="2020-12-11T17:19:56 WIB" finished-at="2020-12-11T17:42:06 WIB">
    <groups>
    </groups>
    <test name="Regression Test part 1" duration-ms="1330089" started-at="2020-12-11T17:19:56 WIB" finished-at="2020-12-11T17:42:06 WIB">
      <class name="TestCases.SideMenuTest">
        <test-method status="PASS" signature="accessHomePage()[pri:0, instance:TestCases.SideMenuTest@5faeada1]" name="accessHomePage" is-config="true" duration-ms="10615" started-at="2020-12-11T17:26:55 WIB" finished-at="2020-12-11T17:27:05 WIB">
          <reporter-output>
          </reporter-output>
        </test-method> <!-- accessHomePage -->
        <test-method status="PASS" signature="E_002()[pri:0, instance:TestCases.SideMenuTest@5faeada1]" name="E_002" duration-ms="16650" started-at="2020-12-11T17:27:05 WIB" finished-at="2020-12-11T17:27:22 WIB">
          <reporter-output>
          </reporter-output>
        </test-method> <!-- E_002 -->
        <test-method status="PASS" signature="accessHomePage()[pri:0, instance:TestCases.SideMenuTest@5faeada1]" name="accessHomePage" is-config="true" duration-ms="10914" started-at="2020-12-11T17:27:22 WIB" finished-at="2020-12-11T17:27:33 WIB">
          <reporter-output>
          </reporter-output>
        </test-method> <!-- accessHomePage -->
        <test-method status="PASS" signature="E_003()[pri:0, instance:TestCases.SideMenuTest@5faeada1]" name="E_003" duration-ms="20433" started-at="2020-12-11T17:27:33 WIB" finished-at="2020-12-11T17:27:53 WIB">
          <reporter-output>
          </reporter-output>
        </test-method> <!-- E_003 -->
        <test-method status="PASS" signature="accessHomePage()[pri:0, instance:TestCases.SideMenuTest@5faeada1]" name="accessHomePage" is-config="true" duration-ms="11653" started-at="2020-12-11T17:27:53 WIB" finished-at="2020-12-11T17:28:05 WIB">
          <reporter-output>
          </reporter-output>
        </test-method> <!-- accessHomePage -->
        <test-method status="PASS" signature="E_004()[pri:0, instance:TestCases.SideMenuTest@5faeada1]" name="E_004" duration-ms="21471" started-at="2020-12-11T17:28:05 WIB" finished-at="2020-12-11T17:28:26 WIB">
          <reporter-output>
          </reporter-output>
        </test-method> <!-- E_004 -->
        <test-method status="PASS" signature="accessHomePage()[pri:0, instance:TestCases.SideMenuTest@5faeada1]" name="accessHomePage" is-config="true" duration-ms="10663" started-at="2020-12-11T17:28:26 WIB" finished-at="2020-12-11T17:28:37 WIB">
          <reporter-output>
          </reporter-output>
        </test-method> <!-- accessHomePage -->
        <test-method status="PASS" signature="E_005()[pri:0, instance:TestCases.SideMenuTest@5faeada1]" name="E_005" duration-ms="74306" started-at="2020-12-11T17:28:37 WIB" finished-at="2020-12-11T17:29:51 WIB">
          <reporter-output>
          </reporter-output>
        </test-method> <!-- E_005 -->
        <test-method status="PASS" signature="accessHomePage()[pri:0, instance:TestCases.SideMenuTest@5faeada1]" name="accessHomePage" is-config="true" duration-ms="10969" started-at="2020-12-11T17:29:51 WIB" finished-at="2020-12-11T17:30:02 WIB">
          <reporter-output>
          </reporter-output>
        </test-method> <!-- accessHomePage -->
        <test-method status="PASS" signature="E_006()[pri:0, instance:TestCases.SideMenuTest@5faeada1]" name="E_006" duration-ms="74493" started-at="2020-12-11T17:30:02 WIB" finished-at="2020-12-11T17:31:17 WIB">
          <reporter-output>
          </reporter-output>
        </test-method> <!-- E_006 -->
        <test-method status="PASS" signature="accessHomePage()[pri:0, instance:TestCases.SideMenuTest@5faeada1]" name="accessHomePage" is-config="true" duration-ms="11048" started-at="2020-12-11T17:31:17 WIB" finished-at="2020-12-11T17:31:28 WIB">
          <reporter-output>
          </reporter-output>
        </test-method> <!-- accessHomePage -->
        <test-method status="PASS" signature="E_008()[pri:0, instance:TestCases.SideMenuTest@5faeada1]" name="E_008" duration-ms="12787" started-at="2020-12-11T17:31:28 WIB" finished-at="2020-12-11T17:31:41 WIB">
          <reporter-output>
          </reporter-output>
        </test-method> <!-- E_008 -->
        <test-method status="PASS" signature="accessHomePage()[pri:0, instance:TestCases.SideMenuTest@5faeada1]" name="accessHomePage" is-config="true" duration-ms="10619" started-at="2020-12-11T17:31:41 WIB" finished-at="2020-12-11T17:31:51 WIB">
          <reporter-output>
          </reporter-output>
        </test-method> <!-- accessHomePage -->
        <test-method status="PASS" signature="E_009()[pri:0, instance:TestCases.SideMenuTest@5faeada1]" name="E_009" duration-ms="12514" started-at="2020-12-11T17:31:51 WIB" finished-at="2020-12-11T17:32:04 WIB">
          <reporter-output>
          </reporter-output>
        </test-method> <!-- E_009 -->
        <test-method status="PASS" signature="resetApplicationState()[pri:0, instance:TestCases.SideMenuTest@5faeada1]" name="resetApplicationState" is-config="true" duration-ms="4602" started-at="2020-12-11T17:32:04 WIB" finished-at="2020-12-11T17:32:08 WIB">
          <reporter-output>
          </reporter-output>
        </test-method> <!-- resetApplicationState -->
      </class> <!-- TestCases.SideMenuTest -->
      <class name="TestCases.SearchTest">
        <test-method status="PASS" signature="accessHomePage()[pri:0, instance:TestCases.SearchTest@7a1ebcd8]" name="accessHomePage" is-config="true" duration-ms="10769" started-at="2020-12-11T17:25:14 WIB" finished-at="2020-12-11T17:25:25 WIB">
          <reporter-output>
          </reporter-output>
        </test-method> <!-- accessHomePage -->
        <test-method status="PASS" signature="D_001()[pri:0, instance:TestCases.SearchTest@7a1ebcd8]" name="D_001" duration-ms="11497" started-at="2020-12-11T17:25:25 WIB" finished-at="2020-12-11T17:25:36 WIB">
          <reporter-output>
          </reporter-output>
        </test-method> <!-- D_001 -->
        <test-method status="PASS" signature="accessHomePage()[pri:0, instance:TestCases.SearchTest@7a1ebcd8]" name="accessHomePage" is-config="true" duration-ms="10747" started-at="2020-12-11T17:25:36 WIB" finished-at="2020-12-11T17:25:47 WIB">
          <reporter-output>
          </reporter-output>
        </test-method> <!-- accessHomePage -->
        <test-method status="PASS" signature="D_002()[pri:0, instance:TestCases.SearchTest@7a1ebcd8]" name="D_002" duration-ms="13677" started-at="2020-12-11T17:25:47 WIB" finished-at="2020-12-11T17:26:01 WIB">
          <reporter-output>
          </reporter-output>
        </test-method> <!-- D_002 -->
        <test-method status="PASS" signature="accessHomePage()[pri:0, instance:TestCases.SearchTest@7a1ebcd8]" name="accessHomePage" is-config="true" duration-ms="10644" started-at="2020-12-11T17:26:01 WIB" finished-at="2020-12-11T17:26:11 WIB">
          <reporter-output>
          </reporter-output>
        </test-method> <!-- accessHomePage -->
        <test-method status="FAIL" signature="D_003()[pri:0, instance:TestCases.SearchTest@7a1ebcd8]" name="D_003" duration-ms="15052" started-at="2020-12-11T17:26:11 WIB" finished-at="2020-12-11T17:26:26 WIB">
          <exception class="java.lang.AssertionError">
            <message>
              <![CDATA[text of no result found should not be displayed did not expect to find [true] but found [false]]]>
            </message>
            <full-stacktrace>
              <![CDATA[java.lang.AssertionError: text of no result found should not be displayed did not expect to find [true] but found [false]
at org.testng.Assert.fail(Assert.java:97)
at org.testng.Assert.failNotEquals(Assert.java:969)
at org.testng.Assert.assertTrue(Assert.java:43)
at TestCases.SearchTest.D_003(SearchTest.java:85)
at sun.reflect.NativeMethodAccessorImpl.invoke0(Native Method)
at sun.reflect.NativeMethodAccessorImpl.invoke(NativeMethodAccessorImpl.java:62)
at sun.reflect.DelegatingMethodAccessorImpl.invoke(DelegatingMethodAccessorImpl.java:43)
at java.lang.reflect.Method.invoke(Method.java:498)
at org.testng.internal.MethodInvocationHelper.invokeMethod(MethodInvocationHelper.java:133)
at org.testng.internal.TestInvoker.invokeMethod(TestInvoker.java:584)
at org.testng.internal.TestInvoker.invokeTestMethod(TestInvoker.java:172)
at org.testng.internal.MethodRunner.runInSequence(MethodRunner.java:46)
at org.testng.internal.TestInvoker$MethodInvocationAgent.invoke(TestInvoker.java:804)
at org.testng.internal.TestInvoker.invokeTestMethods(TestInvoker.java:145)
at org.testng.internal.TestMethodWorker.invokeTestMethods(TestMethodWorker.java:146)
at org.testng.internal.TestMethodWorker.run(TestMethodWorker.java:128)
at java.util.ArrayList.forEach(ArrayList.java:1259)
at org.testng.TestRunner.privateRun(TestRunner.java:770)
at org.testng.TestRunner.run(TestRunner.java:591)
at org.testng.SuiteRunner.runTest(SuiteRunner.java:402)
at org.testng.SuiteRunner.runSequentially(SuiteRunner.java:396)
at org.testng.SuiteRunner.privateRun(SuiteRunner.java:355)
at org.testng.SuiteRunner.run(SuiteRunner.java:304)
at org.testng.SuiteRunnerWorker.runSuite(SuiteRunnerWorker.java:53)
at org.testng.SuiteRunnerWorker.run(SuiteRunnerWorker.java:96)
at org.testng.TestNG.runSuitesSequentially(TestNG.java:1180)
at org.testng.TestNG.runSuitesLocally(TestNG.java:1102)
at org.testng.TestNG.runSuites(TestNG.java:1032)
at org.testng.TestNG.run(TestNG.java:1000)
at org.testng.remote.AbstractRemoteTestNG.run(AbstractRemoteTestNG.java:115)
at org.testng.remote.RemoteTestNG.initAndRun(RemoteTestNG.java:251)
at org.testng.remote.RemoteTestNG.main(RemoteTestNG.java:77)
]]>
            </full-stacktrace>
          </exception> <!-- java.lang.AssertionError -->
          <reporter-output>
          </reporter-output>
        </test-method> <!-- D_003 -->
        <test-method status="PASS" signature="accessHomePage()[pri:0, instance:TestCases.SearchTest@7a1ebcd8]" name="accessHomePage" is-config="true" duration-ms="10589" started-at="2020-12-11T17:26:27 WIB" finished-at="2020-12-11T17:26:38 WIB">
          <reporter-output>
          </reporter-output>
        </test-method> <!-- accessHomePage -->
        <test-method status="FAIL" signature="D_004()[pri:0, instance:TestCases.SearchTest@7a1ebcd8]" name="D_004" duration-ms="11195" started-at="2020-12-11T17:26:38 WIB" finished-at="2020-12-11T17:26:49 WIB">
          <exception class="java.lang.AssertionError">
            <message>
              <![CDATA[text of no result found is not displayed displayed did not expect to find [true] but found [false]]]>
            </message>
            <full-stacktrace>
              <![CDATA[java.lang.AssertionError: text of no result found is not displayed displayed did not expect to find [true] but found [false]
at org.testng.Assert.fail(Assert.java:97)
at org.testng.Assert.failNotEquals(Assert.java:969)
at org.testng.Assert.assertTrue(Assert.java:43)
at TestCases.SearchTest.D_004(SearchTest.java:110)
at sun.reflect.NativeMethodAccessorImpl.invoke0(Native Method)
at sun.reflect.NativeMethodAccessorImpl.invoke(NativeMethodAccessorImpl.java:62)
at sun.reflect.DelegatingMethodAccessorImpl.invoke(DelegatingMethodAccessorImpl.java:43)
at java.lang.reflect.Method.invoke(Method.java:498)
at org.testng.internal.MethodInvocationHelper.invokeMethod(MethodInvocationHelper.java:133)
at org.testng.internal.TestInvoker.invokeMethod(TestInvoker.java:584)
at org.testng.internal.TestInvoker.invokeTestMethod(TestInvoker.java:172)
at org.testng.internal.MethodRunner.runInSequence(MethodRunner.java:46)
at org.testng.internal.TestInvoker$MethodInvocationAgent.invoke(TestInvoker.java:804)
at org.testng.internal.TestInvoker.invokeTestMethods(TestInvoker.java:145)
at org.testng.internal.TestMethodWorker.invokeTestMethods(TestMethodWorker.java:146)
at org.testng.internal.TestMethodWorker.run(TestMethodWorker.java:128)
at java.util.ArrayList.forEach(ArrayList.java:1259)
at org.testng.TestRunner.privateRun(TestRunner.java:770)
at org.testng.TestRunner.run(TestRunner.java:591)
at org.testng.SuiteRunner.runTest(SuiteRunner.java:402)
at org.testng.SuiteRunner.runSequentially(SuiteRunner.java:396)
at org.testng.SuiteRunner.privateRun(SuiteRunner.java:355)
at org.testng.SuiteRunner.run(SuiteRunner.java:304)
at org.testng.SuiteRunnerWorker.runSuite(SuiteRunnerWorker.java:53)
at org.testng.SuiteRunnerWorker.run(SuiteRunnerWorker.java:96)
at org.testng.TestNG.runSuitesSequentially(TestNG.java:1180)
at org.testng.TestNG.runSuitesLocally(TestNG.java:1102)
at org.testng.TestNG.runSuites(TestNG.java:1032)
at org.testng.TestNG.run(TestNG.java:1000)
at org.testng.remote.AbstractRemoteTestNG.run(AbstractRemoteTestNG.java:115)
at org.testng.remote.RemoteTestNG.initAndRun(RemoteTestNG.java:251)
at org.testng.remote.RemoteTestNG.main(RemoteTestNG.java:77)
]]>
            </full-stacktrace>
          </exception> <!-- java.lang.AssertionError -->
          <reporter-output>
          </reporter-output>
        </test-method> <!-- D_004 -->
        <test-method status="PASS" signature="resetApplicationState()[pri:0, instance:TestCases.SearchTest@7a1ebcd8]" name="resetApplicationState" is-config="true" duration-ms="4786" started-at="2020-12-11T17:26:50 WIB" finished-at="2020-12-11T17:26:55 WIB">
          <reporter-output>
          </reporter-output>
        </test-method> <!-- resetApplicationState -->
      </class> <!-- TestCases.SearchTest -->
      <class name="TestCases.GameDetailTest">
        <test-method status="PASS" signature="accessHomePage()[pri:0, instance:TestCases.GameDetailTest@1563da5]" name="accessHomePage" is-config="true" duration-ms="10779" started-at="2020-12-11T17:37:51 WIB" finished-at="2020-12-11T17:38:02 WIB">
          <reporter-output>
          </reporter-output>
        </test-method> <!-- accessHomePage -->
        <test-method status="FAIL" signature="H_001()[pri:0, instance:TestCases.GameDetailTest@1563da5]" name="H_001" duration-ms="22950" started-at="2020-12-11T17:38:02 WIB" finished-at="2020-12-11T17:38:25 WIB">
          <exception class="java.lang.AssertionError">
            <message>
              <![CDATA[The following asserts failed:
Like button is not displayed did not expect to find [true] but found [false],
Share button is not displayed did not expect to find [true] but found [false],
leaderboard is not displayed did not expect to find [true] but found [false]]]>
            </message>
            <full-stacktrace>
              <![CDATA[java.lang.AssertionError: The following asserts failed:
Like button is not displayed did not expect to find [true] but found [false],
Share button is not displayed did not expect to find [true] but found [false],
leaderboard is not displayed did not expect to find [true] but found [false]
at org.testng.asserts.SoftAssert.assertAll(SoftAssert.java:47)
at org.testng.asserts.SoftAssert.assertAll(SoftAssert.java:31)
at TestCases.GameDetailTest.H_001(GameDetailTest.java:43)
at sun.reflect.NativeMethodAccessorImpl.invoke0(Native Method)
at sun.reflect.NativeMethodAccessorImpl.invoke(NativeMethodAccessorImpl.java:62)
at sun.reflect.DelegatingMethodAccessorImpl.invoke(DelegatingMethodAccessorImpl.java:43)
at java.lang.reflect.Method.invoke(Method.java:498)
at org.testng.internal.MethodInvocationHelper.invokeMethod(MethodInvocationHelper.java:133)
at org.testng.internal.TestInvoker.invokeMethod(TestInvoker.java:584)
at org.testng.internal.TestInvoker.invokeTestMethod(TestInvoker.java:172)
at org.testng.internal.MethodRunner.runInSequence(MethodRunner.java:46)
at org.testng.internal.TestInvoker$MethodInvocationAgent.invoke(TestInvoker.java:804)
at org.testng.internal.TestInvoker.invokeTestMethods(TestInvoker.java:145)
at org.testng.internal.TestMethodWorker.invokeTestMethods(TestMethodWorker.java:146)
at org.testng.internal.TestMethodWorker.run(TestMethodWorker.java:128)
at java.util.ArrayList.forEach(ArrayList.java:1259)
at org.testng.TestRunner.privateRun(TestRunner.java:770)
at org.testng.TestRunner.run(TestRunner.java:591)
at org.testng.SuiteRunner.runTest(SuiteRunner.java:402)
at org.testng.SuiteRunner.runSequentially(SuiteRunner.java:396)
at org.testng.SuiteRunner.privateRun(SuiteRunner.java:355)
at org.testng.SuiteRunner.run(SuiteRunner.java:304)
at org.testng.SuiteRunnerWorker.runSuite(SuiteRunnerWorker.java:53)
at org.testng.SuiteRunnerWorker.run(SuiteRunnerWorker.java:96)
at org.testng.TestNG.runSuitesSequentially(TestNG.java:1180)
at org.testng.TestNG.runSuitesLocally(TestNG.java:1102)
at org.testng.TestNG.runSuites(TestNG.java:1032)
at org.testng.TestNG.run(TestNG.java:1000)
at org.testng.remote.AbstractRemoteTestNG.run(AbstractRemoteTestNG.java:115)
at org.testng.remote.RemoteTestNG.initAndRun(RemoteTestNG.java:251)
at org.testng.remote.RemoteTestNG.main(RemoteTestNG.java:77)
]]>
            </full-stacktrace>
          </exception> <!-- java.lang.AssertionError -->
          <reporter-output>
          </reporter-output>
        </test-method> <!-- H_001 -->
        <test-method status="PASS" signature="accessHomePage()[pri:0, instance:TestCases.GameDetailTest@1563da5]" name="accessHomePage" is-config="true" duration-ms="10755" started-at="2020-12-11T17:38:26 WIB" finished-at="2020-12-11T17:38:37 WIB">
          <reporter-output>
          </reporter-output>
        </test-method> <!-- accessHomePage -->
        <test-method status="PASS" signature="H_003()[pri:0, instance:TestCases.GameDetailTest@1563da5]" name="H_003" duration-ms="22179" started-at="2020-12-11T17:38:37 WIB" finished-at="2020-12-11T17:38:59 WIB">
          <reporter-output>
          </reporter-output>
        </test-method> <!-- H_003 -->
        <test-method status="PASS" signature="accessHomePage()[pri:0, instance:TestCases.GameDetailTest@1563da5]" name="accessHomePage" is-config="true" duration-ms="10970" started-at="2020-12-11T17:38:59 WIB" finished-at="2020-12-11T17:39:10 WIB">
          <reporter-output>
          </reporter-output>
        </test-method> <!-- accessHomePage -->
        <test-method status="PASS" signature="H_004()[pri:0, instance:TestCases.GameDetailTest@1563da5]" name="H_004" duration-ms="18083" started-at="2020-12-11T17:39:10 WIB" finished-at="2020-12-11T17:39:28 WIB">
          <reporter-output>
          </reporter-output>
        </test-method> <!-- H_004 -->
        <test-method status="PASS" signature="accessHomePage()[pri:0, instance:TestCases.GameDetailTest@1563da5]" name="accessHomePage" is-config="true" duration-ms="10711" started-at="2020-12-11T17:39:28 WIB" finished-at="2020-12-11T17:39:39 WIB">
          <reporter-output>
          </reporter-output>
        </test-method> <!-- accessHomePage -->
        <test-method status="PASS" signature="H_005()[pri:0, instance:TestCases.GameDetailTest@1563da5]" name="H_005" duration-ms="14697" started-at="2020-12-11T17:39:39 WIB" finished-at="2020-12-11T17:39:53 WIB">
          <reporter-output>
          </reporter-output>
        </test-method> <!-- H_005 -->
        <test-method status="PASS" signature="accessHomePage()[pri:0, instance:TestCases.GameDetailTest@1563da5]" name="accessHomePage" is-config="true" duration-ms="10807" started-at="2020-12-11T17:39:53 WIB" finished-at="2020-12-11T17:40:04 WIB">
          <reporter-output>
          </reporter-output>
        </test-method> <!-- accessHomePage -->
        <test-method status="PASS" signature="H_007()[pri:0, instance:TestCases.GameDetailTest@1563da5]" name="H_007" duration-ms="67582" started-at="2020-12-11T17:40:04 WIB" finished-at="2020-12-11T17:41:12 WIB">
          <reporter-output>
          </reporter-output>
        </test-method> <!-- H_007 -->
        <test-method status="PASS" signature="accessHomePage()[pri:0, instance:TestCases.GameDetailTest@1563da5]" name="accessHomePage" is-config="true" duration-ms="10615" started-at="2020-12-11T17:41:12 WIB" finished-at="2020-12-11T17:41:22 WIB">
          <reporter-output>
          </reporter-output>
        </test-method> <!-- accessHomePage -->
        <test-method status="PASS" signature="H_008()[pri:0, instance:TestCases.GameDetailTest@1563da5]" name="H_008" duration-ms="38186" started-at="2020-12-11T17:41:22 WIB" finished-at="2020-12-11T17:42:01 WIB">
          <reporter-output>
          </reporter-output>
        </test-method> <!-- H_008 -->
        <test-method status="PASS" signature="resetApplicationState()[pri:0, instance:TestCases.GameDetailTest@1563da5]" name="resetApplicationState" is-config="true" duration-ms="5420" started-at="2020-12-11T17:42:01 WIB" finished-at="2020-12-11T17:42:06 WIB">
          <reporter-output>
          </reporter-output>
        </test-method> <!-- resetApplicationState -->
      </class> <!-- TestCases.GameDetailTest -->
      <class name="TestCases.WinnerListTest">
        <test-method status="PASS" signature="accessHomePage()[pri:0, instance:TestCases.WinnerListTest@ea1a8d5]" name="accessHomePage" is-config="true" duration-ms="10699" started-at="2020-12-11T17:35:57 WIB" finished-at="2020-12-11T17:36:08 WIB">
          <reporter-output>
          </reporter-output>
        </test-method> <!-- accessHomePage -->
        <test-method status="PASS" signature="G_001()[pri:0, instance:TestCases.WinnerListTest@ea1a8d5]" name="G_001" duration-ms="20423" started-at="2020-12-11T17:36:08 WIB" finished-at="2020-12-11T17:36:29 WIB">
          <reporter-output>
          </reporter-output>
        </test-method> <!-- G_001 -->
        <test-method status="PASS" signature="accessHomePage()[pri:0, instance:TestCases.WinnerListTest@ea1a8d5]" name="accessHomePage" is-config="true" duration-ms="10650" started-at="2020-12-11T17:36:29 WIB" finished-at="2020-12-11T17:36:39 WIB">
          <reporter-output>
          </reporter-output>
        </test-method> <!-- accessHomePage -->
        <test-method status="PASS" signature="G_002()[pri:0, instance:TestCases.WinnerListTest@ea1a8d5]" name="G_002" duration-ms="24081" started-at="2020-12-11T17:36:39 WIB" finished-at="2020-12-11T17:37:03 WIB">
          <reporter-output>
          </reporter-output>
        </test-method> <!-- G_002 -->
        <test-method status="PASS" signature="accessHomePage()[pri:0, instance:TestCases.WinnerListTest@ea1a8d5]" name="accessHomePage" is-config="true" duration-ms="10673" started-at="2020-12-11T17:37:03 WIB" finished-at="2020-12-11T17:37:14 WIB">
          <reporter-output>
          </reporter-output>
        </test-method> <!-- accessHomePage -->
        <test-method status="PASS" signature="G_003()[pri:0, instance:TestCases.WinnerListTest@ea1a8d5]" name="G_003" duration-ms="33325" started-at="2020-12-11T17:37:14 WIB" finished-at="2020-12-11T17:37:47 WIB">
          <reporter-output>
          </reporter-output>
        </test-method> <!-- G_003 -->
        <test-method status="PASS" signature="resetApplicationState()[pri:0, instance:TestCases.WinnerListTest@ea1a8d5]" name="resetApplicationState" is-config="true" duration-ms="3972" started-at="2020-12-11T17:37:47 WIB" finished-at="2020-12-11T17:37:51 WIB">
          <reporter-output>
          </reporter-output>
        </test-method> <!-- resetApplicationState -->
      </class> <!-- TestCases.WinnerListTest -->
      <class name="TestCases.ScheduleTest">
        <test-method status="PASS" signature="accessHomePage()[pri:0, instance:TestCases.ScheduleTest@528931cf]" name="accessHomePage" is-config="true" duration-ms="10718" started-at="2020-12-11T17:32:08 WIB" finished-at="2020-12-11T17:32:19 WIB">
          <reporter-output>
          </reporter-output>
        </test-method> <!-- accessHomePage -->
        <test-method status="PASS" signature="F_001()[pri:0, instance:TestCases.ScheduleTest@528931cf]" name="F_001" duration-ms="18127" started-at="2020-12-11T17:32:19 WIB" finished-at="2020-12-11T17:32:37 WIB">
          <reporter-output>
          </reporter-output>
        </test-method> <!-- F_001 -->
        <test-method status="PASS" signature="accessHomePage()[pri:0, instance:TestCases.ScheduleTest@528931cf]" name="accessHomePage" is-config="true" duration-ms="10691" started-at="2020-12-11T17:32:37 WIB" finished-at="2020-12-11T17:32:48 WIB">
          <reporter-output>
          </reporter-output>
        </test-method> <!-- accessHomePage -->
        <test-method status="FAIL" signature="F_002()[pri:0, instance:TestCases.ScheduleTest@528931cf]" name="F_002" duration-ms="35954" started-at="2020-12-11T17:32:48 WIB" finished-at="2020-12-11T17:33:24 WIB">
          <exception class="java.lang.AssertionError">
            <message>
              <![CDATA[The following asserts failed:
load more button is not working properly did not expect to find [true] but found [false]]]>
            </message>
            <full-stacktrace>
              <![CDATA[java.lang.AssertionError: The following asserts failed:
load more button is not working properly did not expect to find [true] but found [false]
at org.testng.asserts.SoftAssert.assertAll(SoftAssert.java:47)
at org.testng.asserts.SoftAssert.assertAll(SoftAssert.java:31)
at TestCases.ScheduleTest.F_002(ScheduleTest.java:85)
at sun.reflect.NativeMethodAccessorImpl.invoke0(Native Method)
at sun.reflect.NativeMethodAccessorImpl.invoke(NativeMethodAccessorImpl.java:62)
at sun.reflect.DelegatingMethodAccessorImpl.invoke(DelegatingMethodAccessorImpl.java:43)
at java.lang.reflect.Method.invoke(Method.java:498)
at org.testng.internal.MethodInvocationHelper.invokeMethod(MethodInvocationHelper.java:133)
at org.testng.internal.TestInvoker.invokeMethod(TestInvoker.java:584)
at org.testng.internal.TestInvoker.invokeTestMethod(TestInvoker.java:172)
at org.testng.internal.MethodRunner.runInSequence(MethodRunner.java:46)
at org.testng.internal.TestInvoker$MethodInvocationAgent.invoke(TestInvoker.java:804)
at org.testng.internal.TestInvoker.invokeTestMethods(TestInvoker.java:145)
at org.testng.internal.TestMethodWorker.invokeTestMethods(TestMethodWorker.java:146)
at org.testng.internal.TestMethodWorker.run(TestMethodWorker.java:128)
at java.util.ArrayList.forEach(ArrayList.java:1259)
at org.testng.TestRunner.privateRun(TestRunner.java:770)
at org.testng.TestRunner.run(TestRunner.java:591)
at org.testng.SuiteRunner.runTest(SuiteRunner.java:402)
at org.testng.SuiteRunner.runSequentially(SuiteRunner.java:396)
at org.testng.SuiteRunner.privateRun(SuiteRunner.java:355)
at org.testng.SuiteRunner.run(SuiteRunner.java:304)
at org.testng.SuiteRunnerWorker.runSuite(SuiteRunnerWorker.java:53)
at org.testng.SuiteRunnerWorker.run(SuiteRunnerWorker.java:96)
at org.testng.TestNG.runSuitesSequentially(TestNG.java:1180)
at org.testng.TestNG.runSuitesLocally(TestNG.java:1102)
at org.testng.TestNG.runSuites(TestNG.java:1032)
at org.testng.TestNG.run(TestNG.java:1000)
at org.testng.remote.AbstractRemoteTestNG.run(AbstractRemoteTestNG.java:115)
at org.testng.remote.RemoteTestNG.initAndRun(RemoteTestNG.java:251)
at org.testng.remote.RemoteTestNG.main(RemoteTestNG.java:77)
]]>
            </full-stacktrace>
          </exception> <!-- java.lang.AssertionError -->
          <reporter-output>
          </reporter-output>
        </test-method> <!-- F_002 -->
        <test-method status="PASS" signature="accessHomePage()[pri:0, instance:TestCases.ScheduleTest@528931cf]" name="accessHomePage" is-config="true" duration-ms="10604" started-at="2020-12-11T17:33:25 WIB" finished-at="2020-12-11T17:33:36 WIB">
          <reporter-output>
          </reporter-output>
        </test-method> <!-- accessHomePage -->
        <test-method status="FAIL" signature="F_003()[pri:0, instance:TestCases.ScheduleTest@528931cf]" name="F_003" duration-ms="37739" started-at="2020-12-11T17:33:36 WIB" finished-at="2020-12-11T17:34:13 WIB">
          <exception class="java.lang.AssertionError">
            <message>
              <![CDATA[The following asserts failed:
load more button is not working properly did not expect to find [true] but found [false]]]>
            </message>
            <full-stacktrace>
              <![CDATA[java.lang.AssertionError: The following asserts failed:
load more button is not working properly did not expect to find [true] but found [false]
at org.testng.asserts.SoftAssert.assertAll(SoftAssert.java:47)
at org.testng.asserts.SoftAssert.assertAll(SoftAssert.java:31)
at TestCases.ScheduleTest.F_003(ScheduleTest.java:129)
at sun.reflect.NativeMethodAccessorImpl.invoke0(Native Method)
at sun.reflect.NativeMethodAccessorImpl.invoke(NativeMethodAccessorImpl.java:62)
at sun.reflect.DelegatingMethodAccessorImpl.invoke(DelegatingMethodAccessorImpl.java:43)
at java.lang.reflect.Method.invoke(Method.java:498)
at org.testng.internal.MethodInvocationHelper.invokeMethod(MethodInvocationHelper.java:133)
at org.testng.internal.TestInvoker.invokeMethod(TestInvoker.java:584)
at org.testng.internal.TestInvoker.invokeTestMethod(TestInvoker.java:172)
at org.testng.internal.MethodRunner.runInSequence(MethodRunner.java:46)
at org.testng.internal.TestInvoker$MethodInvocationAgent.invoke(TestInvoker.java:804)
at org.testng.internal.TestInvoker.invokeTestMethods(TestInvoker.java:145)
at org.testng.internal.TestMethodWorker.invokeTestMethods(TestMethodWorker.java:146)
at org.testng.internal.TestMethodWorker.run(TestMethodWorker.java:128)
at java.util.ArrayList.forEach(ArrayList.java:1259)
at org.testng.TestRunner.privateRun(TestRunner.java:770)
at org.testng.TestRunner.run(TestRunner.java:591)
at org.testng.SuiteRunner.runTest(SuiteRunner.java:402)
at org.testng.SuiteRunner.runSequentially(SuiteRunner.java:396)
at org.testng.SuiteRunner.privateRun(SuiteRunner.java:355)
at org.testng.SuiteRunner.run(SuiteRunner.java:304)
at org.testng.SuiteRunnerWorker.runSuite(SuiteRunnerWorker.java:53)
at org.testng.SuiteRunnerWorker.run(SuiteRunnerWorker.java:96)
at org.testng.TestNG.runSuitesSequentially(TestNG.java:1180)
at org.testng.TestNG.runSuitesLocally(TestNG.java:1102)
at org.testng.TestNG.runSuites(TestNG.java:1032)
at org.testng.TestNG.run(TestNG.java:1000)
at org.testng.remote.AbstractRemoteTestNG.run(AbstractRemoteTestNG.java:115)
at org.testng.remote.RemoteTestNG.initAndRun(RemoteTestNG.java:251)
at org.testng.remote.RemoteTestNG.main(RemoteTestNG.java:77)
]]>
            </full-stacktrace>
          </exception> <!-- java.lang.AssertionError -->
          <reporter-output>
          </reporter-output>
        </test-method> <!-- F_003 -->
        <test-method status="PASS" signature="accessHomePage()[pri:0, instance:TestCases.ScheduleTest@528931cf]" name="accessHomePage" is-config="true" duration-ms="10512" started-at="2020-12-11T17:34:14 WIB" finished-at="2020-12-11T17:34:25 WIB">
          <reporter-output>
          </reporter-output>
        </test-method> <!-- accessHomePage -->
        <test-method status="FAIL" signature="F_004()[pri:0, instance:TestCases.ScheduleTest@528931cf]" name="F_004" duration-ms="87076" started-at="2020-12-11T17:34:25 WIB" finished-at="2020-12-11T17:35:52 WIB">
          <exception class="java.lang.AssertionError">
            <message>
              <![CDATA[The following asserts failed:
load more button is not working properly did not expect to find [true] but found [false]]]>
            </message>
            <full-stacktrace>
              <![CDATA[java.lang.AssertionError: The following asserts failed:
load more button is not working properly did not expect to find [true] but found [false]
at org.testng.asserts.SoftAssert.assertAll(SoftAssert.java:47)
at org.testng.asserts.SoftAssert.assertAll(SoftAssert.java:31)
at TestCases.ScheduleTest.F_004(ScheduleTest.java:174)
at sun.reflect.NativeMethodAccessorImpl.invoke0(Native Method)
at sun.reflect.NativeMethodAccessorImpl.invoke(NativeMethodAccessorImpl.java:62)
at sun.reflect.DelegatingMethodAccessorImpl.invoke(DelegatingMethodAccessorImpl.java:43)
at java.lang.reflect.Method.invoke(Method.java:498)
at org.testng.internal.MethodInvocationHelper.invokeMethod(MethodInvocationHelper.java:133)
at org.testng.internal.TestInvoker.invokeMethod(TestInvoker.java:584)
at org.testng.internal.TestInvoker.invokeTestMethod(TestInvoker.java:172)
at org.testng.internal.MethodRunner.runInSequence(MethodRunner.java:46)
at org.testng.internal.TestInvoker$MethodInvocationAgent.invoke(TestInvoker.java:804)
at org.testng.internal.TestInvoker.invokeTestMethods(TestInvoker.java:145)
at org.testng.internal.TestMethodWorker.invokeTestMethods(TestMethodWorker.java:146)
at org.testng.internal.TestMethodWorker.run(TestMethodWorker.java:128)
at java.util.ArrayList.forEach(ArrayList.java:1259)
at org.testng.TestRunner.privateRun(TestRunner.java:770)
at org.testng.TestRunner.run(TestRunner.java:591)
at org.testng.SuiteRunner.runTest(SuiteRunner.java:402)
at org.testng.SuiteRunner.runSequentially(SuiteRunner.java:396)
at org.testng.SuiteRunner.privateRun(SuiteRunner.java:355)
at org.testng.SuiteRunner.run(SuiteRunner.java:304)
at org.testng.SuiteRunnerWorker.runSuite(SuiteRunnerWorker.java:53)
at org.testng.SuiteRunnerWorker.run(SuiteRunnerWorker.java:96)
at org.testng.TestNG.runSuitesSequentially(TestNG.java:1180)
at org.testng.TestNG.runSuitesLocally(TestNG.java:1102)
at org.testng.TestNG.runSuites(TestNG.java:1032)
at org.testng.TestNG.run(TestNG.java:1000)
at org.testng.remote.AbstractRemoteTestNG.run(AbstractRemoteTestNG.java:115)
at org.testng.remote.RemoteTestNG.initAndRun(RemoteTestNG.java:251)
at org.testng.remote.RemoteTestNG.main(RemoteTestNG.java:77)
]]>
            </full-stacktrace>
          </exception> <!-- java.lang.AssertionError -->
          <reporter-output>
          </reporter-output>
        </test-method> <!-- F_004 -->
        <test-method status="PASS" signature="resetApplicationState()[pri:0, instance:TestCases.ScheduleTest@528931cf]" name="resetApplicationState" is-config="true" duration-ms="4306" started-at="2020-12-11T17:35:53 WIB" finished-at="2020-12-11T17:35:57 WIB">
          <reporter-output>
          </reporter-output>
        </test-method> <!-- resetApplicationState -->
      </class> <!-- TestCases.ScheduleTest -->
      <class name="TestCases.HomePageTest">
        <test-method status="PASS" signature="accessHomePage()[pri:0, instance:TestCases.HomePageTest@34cd072c]" name="accessHomePage" is-config="true" duration-ms="10787" started-at="2020-12-11T17:22:41 WIB" finished-at="2020-12-11T17:22:52 WIB">
          <reporter-output>
          </reporter-output>
        </test-method> <!-- accessHomePage -->
        <test-method status="PASS" signature="C_001()[pri:0, instance:TestCases.HomePageTest@34cd072c]" name="C_001" duration-ms="11093" started-at="2020-12-11T17:22:52 WIB" finished-at="2020-12-11T17:23:03 WIB">
          <reporter-output>
          </reporter-output>
        </test-method> <!-- C_001 -->
        <test-method status="PASS" signature="accessHomePage()[pri:0, instance:TestCases.HomePageTest@34cd072c]" name="accessHomePage" is-config="true" duration-ms="10881" started-at="2020-12-11T17:23:03 WIB" finished-at="2020-12-11T17:23:14 WIB">
          <reporter-output>
          </reporter-output>
        </test-method> <!-- accessHomePage -->
        <test-method status="PASS" signature="C_004()[pri:0, instance:TestCases.HomePageTest@34cd072c]" name="C_004" duration-ms="3177" started-at="2020-12-11T17:23:14 WIB" finished-at="2020-12-11T17:23:17 WIB">
          <reporter-output>
          </reporter-output>
        </test-method> <!-- C_004 -->
        <test-method status="PASS" signature="accessHomePage()[pri:0, instance:TestCases.HomePageTest@34cd072c]" name="accessHomePage" is-config="true" duration-ms="11059" started-at="2020-12-11T17:23:17 WIB" finished-at="2020-12-11T17:23:28 WIB">
          <reporter-output>
          </reporter-output>
        </test-method> <!-- accessHomePage -->
        <test-method status="PASS" signature="C_005()[pri:0, instance:TestCases.HomePageTest@34cd072c]" name="C_005" duration-ms="20587" started-at="2020-12-11T17:23:28 WIB" finished-at="2020-12-11T17:23:49 WIB">
          <reporter-output>
          </reporter-output>
        </test-method> <!-- C_005 -->
        <test-method status="PASS" signature="accessHomePage()[pri:0, instance:TestCases.HomePageTest@34cd072c]" name="accessHomePage" is-config="true" duration-ms="10528" started-at="2020-12-11T17:23:49 WIB" finished-at="2020-12-11T17:23:59 WIB">
          <reporter-output>
          </reporter-output>
        </test-method> <!-- accessHomePage -->
        <test-method status="PASS" signature="C_006()[pri:0, instance:TestCases.HomePageTest@34cd072c]" name="C_006" duration-ms="2277" started-at="2020-12-11T17:23:59 WIB" finished-at="2020-12-11T17:24:02 WIB">
          <reporter-output>
          </reporter-output>
        </test-method> <!-- C_006 -->
        <test-method status="PASS" signature="accessHomePage()[pri:0, instance:TestCases.HomePageTest@34cd072c]" name="accessHomePage" is-config="true" duration-ms="10920" started-at="2020-12-11T17:24:02 WIB" finished-at="2020-12-11T17:24:13 WIB">
          <reporter-output>
          </reporter-output>
        </test-method> <!-- accessHomePage -->
        <test-method status="PASS" signature="C_007()[pri:0, instance:TestCases.HomePageTest@34cd072c]" name="C_007" duration-ms="42516" started-at="2020-12-11T17:24:13 WIB" finished-at="2020-12-11T17:24:55 WIB">
          <reporter-output>
          </reporter-output>
        </test-method> <!-- C_007 -->
        <test-method status="PASS" signature="accessHomePage()[pri:0, instance:TestCases.HomePageTest@34cd072c]" name="accessHomePage" is-config="true" duration-ms="10697" started-at="2020-12-11T17:24:55 WIB" finished-at="2020-12-11T17:25:06 WIB">
          <reporter-output>
          </reporter-output>
        </test-method> <!-- accessHomePage -->
        <test-method status="PASS" signature="C_009()[pri:0, instance:TestCases.HomePageTest@34cd072c]" name="C_009" duration-ms="3211" started-at="2020-12-11T17:25:06 WIB" finished-at="2020-12-11T17:25:09 WIB">
          <reporter-output>
          </reporter-output>
        </test-method> <!-- C_009 -->
        <test-method status="PASS" signature="resetApplicationState()[pri:0, instance:TestCases.HomePageTest@34cd072c]" name="resetApplicationState" is-config="true" duration-ms="4969" started-at="2020-12-11T17:25:09 WIB" finished-at="2020-12-11T17:25:14 WIB">
          <reporter-output>
          </reporter-output>
        </test-method> <!-- resetApplicationState -->
      </class> <!-- TestCases.HomePageTest -->
      <class name="TestCases.TopNavigationTest">
        <test-method status="PASS" signature="accessHomePage()[pri:0, instance:TestCases.TopNavigationTest@11438d26]" name="accessHomePage" is-config="true" duration-ms="10756" started-at="2020-12-11T17:20:13 WIB" finished-at="2020-12-11T17:20:24 WIB">
          <reporter-output>
          </reporter-output>
        </test-method> <!-- accessHomePage -->
        <test-method status="FAIL" signature="B_001()[pri:0, instance:TestCases.TopNavigationTest@11438d26]" name="B_001" duration-ms="41234" started-at="2020-12-11T17:20:24 WIB" finished-at="2020-12-11T17:21:05 WIB">
          <exception class="java.lang.AssertionError">
            <message>
              <![CDATA[The following asserts failed:
text hello guest is not exist, display text 20 and it automatically login without user will did not expect to find [true] but found [false]]]>
            </message>
            <full-stacktrace>
              <![CDATA[java.lang.AssertionError: The following asserts failed:
text hello guest is not exist, display text 20 and it automatically login without user will did not expect to find [true] but found [false]
at org.testng.asserts.SoftAssert.assertAll(SoftAssert.java:47)
at org.testng.asserts.SoftAssert.assertAll(SoftAssert.java:31)
at TestCases.TopNavigationTest.B_001(TopNavigationTest.java:55)
at sun.reflect.NativeMethodAccessorImpl.invoke0(Native Method)
at sun.reflect.NativeMethodAccessorImpl.invoke(NativeMethodAccessorImpl.java:62)
at sun.reflect.DelegatingMethodAccessorImpl.invoke(DelegatingMethodAccessorImpl.java:43)
at java.lang.reflect.Method.invoke(Method.java:498)
at org.testng.internal.MethodInvocationHelper.invokeMethod(MethodInvocationHelper.java:133)
at org.testng.internal.TestInvoker.invokeMethod(TestInvoker.java:584)
at org.testng.internal.TestInvoker.invokeTestMethod(TestInvoker.java:172)
at org.testng.internal.MethodRunner.runInSequence(MethodRunner.java:46)
at org.testng.internal.TestInvoker$MethodInvocationAgent.invoke(TestInvoker.java:804)
at org.testng.internal.TestInvoker.invokeTestMethods(TestInvoker.java:145)
at org.testng.internal.TestMethodWorker.invokeTestMethods(TestMethodWorker.java:146)
at org.testng.internal.TestMethodWorker.run(TestMethodWorker.java:128)
at java.util.ArrayList.forEach(ArrayList.java:1259)
at org.testng.TestRunner.privateRun(TestRunner.java:770)
at org.testng.TestRunner.run(TestRunner.java:591)
at org.testng.SuiteRunner.runTest(SuiteRunner.java:402)
at org.testng.SuiteRunner.runSequentially(SuiteRunner.java:396)
at org.testng.SuiteRunner.privateRun(SuiteRunner.java:355)
at org.testng.SuiteRunner.run(SuiteRunner.java:304)
at org.testng.SuiteRunnerWorker.runSuite(SuiteRunnerWorker.java:53)
at org.testng.SuiteRunnerWorker.run(SuiteRunnerWorker.java:96)
at org.testng.TestNG.runSuitesSequentially(TestNG.java:1180)
at org.testng.TestNG.runSuitesLocally(TestNG.java:1102)
at org.testng.TestNG.runSuites(TestNG.java:1032)
at org.testng.TestNG.run(TestNG.java:1000)
at org.testng.remote.AbstractRemoteTestNG.run(AbstractRemoteTestNG.java:115)
at org.testng.remote.RemoteTestNG.initAndRun(RemoteTestNG.java:251)
at org.testng.remote.RemoteTestNG.main(RemoteTestNG.java:77)
]]>
            </full-stacktrace>
          </exception> <!-- java.lang.AssertionError -->
          <reporter-output>
          </reporter-output>
        </test-method> <!-- B_001 -->
        <test-method status="PASS" signature="accessHomePage()[pri:0, instance:TestCases.TopNavigationTest@11438d26]" name="accessHomePage" is-config="true" duration-ms="10718" started-at="2020-12-11T17:21:06 WIB" finished-at="2020-12-11T17:21:17 WIB">
          <reporter-output>
          </reporter-output>
        </test-method> <!-- accessHomePage -->
        <test-method status="PASS" signature="B_002()[pri:0, instance:TestCases.TopNavigationTest@11438d26]" name="B_002" duration-ms="39184" started-at="2020-12-11T17:21:17 WIB" finished-at="2020-12-11T17:21:56 WIB">
          <reporter-output>
          </reporter-output>
        </test-method> <!-- B_002 -->
        <test-method status="PASS" signature="accessHomePage()[pri:0, instance:TestCases.TopNavigationTest@11438d26]" name="accessHomePage" is-config="true" duration-ms="10907" started-at="2020-12-11T17:21:56 WIB" finished-at="2020-12-11T17:22:07 WIB">
          <reporter-output>
          </reporter-output>
        </test-method> <!-- accessHomePage -->
        <test-method status="PASS" signature="B_003()[pri:0, instance:TestCases.TopNavigationTest@11438d26]" name="B_003" duration-ms="10727" started-at="2020-12-11T17:22:07 WIB" finished-at="2020-12-11T17:22:18 WIB">
          <reporter-output>
          </reporter-output>
        </test-method> <!-- B_003 -->
        <test-method status="PASS" signature="accessHomePage()[pri:0, instance:TestCases.TopNavigationTest@11438d26]" name="accessHomePage" is-config="true" duration-ms="11148" started-at="2020-12-11T17:22:18 WIB" finished-at="2020-12-11T17:22:29 WIB">
          <reporter-output>
          </reporter-output>
        </test-method> <!-- accessHomePage -->
        <test-method status="PASS" signature="B_004()[pri:0, instance:TestCases.TopNavigationTest@11438d26]" name="B_004" duration-ms="8146" started-at="2020-12-11T17:22:29 WIB" finished-at="2020-12-11T17:22:37 WIB">
          <reporter-output>
          </reporter-output>
        </test-method> <!-- B_004 -->
        <test-method status="PASS" signature="resetApplicationState()[pri:0, instance:TestCases.TopNavigationTest@11438d26]" name="resetApplicationState" is-config="true" duration-ms="4234" started-at="2020-12-11T17:22:37 WIB" finished-at="2020-12-11T17:22:41 WIB">
          <reporter-output>
          </reporter-output>
        </test-method> <!-- resetApplicationState -->
      </class> <!-- TestCases.TopNavigationTest -->
      <class name="TestCases.LaunchWebTest">
        <test-method status="PASS" signature="a_SetUpAppium(java.lang.String, java.lang.String, java.lang.String, java.lang.String, java.lang.String, java.lang.String)[pri:0, instance:TestCases.LaunchWebTest@458c1321]" name="a_SetUpAppium" is-config="true" duration-ms="18533" started-at="2020-12-11T17:19:37 WIB" finished-at="2020-12-11T17:19:56 WIB">
          <params>
            <param index="0">
              <value>
                <![CDATA[beta]]>
              </value>
            </param>
            <param index="1">
              <value>
                <![CDATA[sg]]>
              </value>
            </param>
            <param index="2">
              <value>
                <![CDATA[4723]]>
              </value>
            </param>
            <param index="3">
              <value>
                <![CDATA[RR8M901GK6R]]>
              </value>
            </param>
            <param index="4">
              <value>
                <![CDATA[Galaxy A50s]]>
              </value>
            </param>
            <param index="5">
              <value>
                <![CDATA[realDevice]]>
              </value>
            </param>
          </params>
          <reporter-output>
          </reporter-output>
        </test-method> <!-- a_SetUpAppium -->
        <test-method status="PASS" signature="deleteScreenShot()[pri:0, instance:TestCases.LaunchWebTest@458c1321]" name="deleteScreenShot" is-config="true" duration-ms="4" started-at="2020-12-11T17:19:56 WIB" finished-at="2020-12-11T17:19:56 WIB">
          <reporter-output>
          </reporter-output>
        </test-method> <!-- deleteScreenShot -->
        <test-method status="PASS" signature="accessHomePage()[pri:0, instance:TestCases.LaunchWebTest@458c1321]" name="accessHomePage" is-config="true" duration-ms="10754" started-at="2020-12-11T17:19:56 WIB" finished-at="2020-12-11T17:20:07 WIB">
          <reporter-output>
          </reporter-output>
        </test-method> <!-- accessHomePage -->
        <test-method status="PASS" signature="A_001()[pri:0, instance:TestCases.LaunchWebTest@458c1321]" name="A_001" duration-ms="1887" started-at="2020-12-11T17:20:07 WIB" finished-at="2020-12-11T17:20:09 WIB">
          <reporter-output>
          </reporter-output>
        </test-method> <!-- A_001 -->
        <test-method status="PASS" signature="resetApplicationState()[pri:0, instance:TestCases.LaunchWebTest@458c1321]" name="resetApplicationState" is-config="true" duration-ms="4184" started-at="2020-12-11T17:20:09 WIB" finished-at="2020-12-11T17:20:13 WIB">
          <reporter-output>
          </reporter-output>
        </test-method> <!-- resetApplicationState -->
        <test-method status="PASS" signature="quitDriver()[pri:0, instance:TestCases.LaunchWebTest@458c1321]" name="quitDriver" is-config="true" duration-ms="655" started-at="2020-12-11T17:42:07 WIB" finished-at="2020-12-11T17:42:08 WIB">
          <reporter-output>
          </reporter-output>
        </test-method> <!-- quitDriver -->
      </class> <!-- TestCases.LaunchWebTest -->
    </test> <!-- Regression Test part 1 -->
  </suite> <!-- MySuite -->
</testng-results>
