<?xml version="1.0" encoding="UTF-8"?>
<!-- Generated by org.testng.reporters.JUnitXMLReporter -->
<testsuite hostname="Potatos-Mac" ignored="6" name="Run devices 2" tests="7" failures="3" timestamp="2020-12-06T13:20:05 WIB" time="138.236" errors="0">
  <testcase name="A_001" time="2.819" classname="TestCases.LaunchWebTest"/>
  <testcase name="B_001" time="11.654" classname="TestCases.TopNavigationTest">
    <failure type="java.lang.AssertionError" message="The following asserts failed:
	text hello guest is not exist did not expect to find [true] but found [false],
	Logout button should not be exist, but its exist did not expect to find [true] but found [false]">
      <![CDATA[java.lang.AssertionError: The following asserts failed:
text hello guest is not exist did not expect to find [true] but found [false],
Logout button should not be exist, but its exist did not expect to find [true] but found [false]
at TestCases.TopNavigationTest.B_001(TopNavigationTest.java:44)
at java.util.ArrayList.forEach(ArrayList.java:1259)
... Removed 29 stack frames]]>
    </failure>
  </testcase> <!-- B_001 -->
  <testcase name="B_002" time="11.515" classname="TestCases.TopNavigationTest">
    <failure type="java.lang.NullPointerException">
      <![CDATA[java.lang.NullPointerException
at org.openqa.selenium.support.ui.ExpectedConditions.elementIfVisible(ExpectedConditions.java:314)
at org.openqa.selenium.support.ui.ExpectedConditions.access$000(ExpectedConditions.java:43)
at org.openqa.selenium.support.ui.ExpectedConditions$10.apply(ExpectedConditions.java:300)
at org.openqa.selenium.support.ui.ExpectedConditions$10.apply(ExpectedConditions.java:297)
at org.openqa.selenium.support.ui.FluentWait.until(FluentWait.java:249)
at Pages.HomePage.clickSubcribeButton(HomePage.java:350)
at BaseSetting.BaseSetting.login(BaseSetting.java:114)
at TestCases.TopNavigationTest.B_002(TopNavigationTest.java:57)
at java.util.ArrayList.forEach(ArrayList.java:1259)
... Removed 27 stack frames]]>
    </failure>
  </testcase> <!-- B_002 -->
  <testcase name="B_003" time="4.502" classname="TestCases.TopNavigationTest"/>
  <testcase name="B_004" time="1.247" classname="TestCases.TopNavigationTest">
    <failure type="java.lang.AssertionError" message="Page is not displayed did not expect to find [true] but found [false]">
      <![CDATA[java.lang.AssertionError: Page is not displayed did not expect to find [true] but found [false]
at TestCases.TopNavigationTest.B_004(TopNavigationTest.java:104)
at java.util.ArrayList.forEach(ArrayList.java:1259)
... Removed 30 stack frames]]>
    </failure>
  </testcase> <!-- B_004 -->
  <testcase name="C_001" time="11.599" classname="TestCases.HomePageTest"/>
  <testcase name="C_004" time="2.659" classname="TestCases.HomePageTest"/>
  <testcase name="@BeforeSuite deleteScreenShot" time="0.0" classname="BaseSetting.BaseSetting">
    <ignored/>
  </testcase> <!-- @BeforeSuite deleteScreenShot -->
  <testcase name="@BeforeSuite deleteScreenShot" time="0.0" classname="BaseSetting.BaseSetting">
    <ignored/>
  </testcase> <!-- @BeforeSuite deleteScreenShot -->
  <testcase name="@BeforeSuite a_SetUpAppium" time="0.0" classname="BaseSetting.BaseSetting">
    <ignored/>
  </testcase> <!-- @BeforeSuite a_SetUpAppium -->
  <testcase name="@BeforeSuite a_SetUpAppium" time="0.0" classname="BaseSetting.BaseSetting">
    <ignored/>
  </testcase> <!-- @BeforeSuite a_SetUpAppium -->
  <testcase name="@AfterSuite quitDriver" time="0.0" classname="BaseSetting.BaseSetting">
    <ignored/>
  </testcase> <!-- @AfterSuite quitDriver -->
  <testcase name="@AfterSuite quitDriver" time="0.0" classname="BaseSetting.BaseSetting">
    <ignored/>
  </testcase> <!-- @AfterSuite quitDriver -->
</testsuite> <!-- Run devices 2 -->
