<?xml version="1.0" encoding="UTF-8"?>
<testng-results skipped="0" failed="3" ignored="6" total="13" passed="4">
  <reporter-output>
  </reporter-output>
  <suite name="MySuite" duration-ms="139524" started-at="2020-12-06T13:21:16 WIB" finished-at="2020-12-06T13:23:35 WIB">
    <groups>
    </groups>
    <test name="Run devices 2" duration-ms="139524" started-at="2020-12-06T13:21:16 WIB" finished-at="2020-12-06T13:23:35 WIB">
      <class name="TestCases.HomePageTest">
        <test-method status="PASS" signature="beforeTest()[pri:0, instance:TestCases.HomePageTest@2781e022]" name="beforeTest" is-config="true" duration-ms="10613" started-at="2020-12-06T13:22:55 WIB" finished-at="2020-12-06T13:23:06 WIB">
          <reporter-output>
          </reporter-output>
        </test-method> <!-- beforeTest -->
        <test-method status="PASS" signature="C_001()[pri:0, instance:TestCases.HomePageTest@2781e022]" name="C_001" duration-ms="10750" started-at="2020-12-06T13:23:06 WIB" finished-at="2020-12-06T13:23:17 WIB">
          <reporter-output>
          </reporter-output>
        </test-method> <!-- C_001 -->
        <test-method status="PASS" signature="beforeTest()[pri:0, instance:TestCases.HomePageTest@2781e022]" name="beforeTest" is-config="true" duration-ms="11059" started-at="2020-12-06T13:23:17 WIB" finished-at="2020-12-06T13:23:28 WIB">
          <reporter-output>
          </reporter-output>
        </test-method> <!-- beforeTest -->
        <test-method status="PASS" signature="C_004()[pri:0, instance:TestCases.HomePageTest@2781e022]" name="C_004" duration-ms="2960" started-at="2020-12-06T13:23:28 WIB" finished-at="2020-12-06T13:23:31 WIB">
          <reporter-output>
          </reporter-output>
        </test-method> <!-- C_004 -->
        <test-method status="PASS" signature="resetApplicationState()[pri:0, instance:TestCases.HomePageTest@2781e022]" name="resetApplicationState" is-config="true" duration-ms="4348" started-at="2020-12-06T13:23:31 WIB" finished-at="2020-12-06T13:23:35 WIB">
          <reporter-output>
          </reporter-output>
        </test-method> <!-- resetApplicationState -->
      </class> <!-- TestCases.HomePageTest -->
      <class name="TestCases.TopNavigationTest">
        <test-method status="PASS" signature="beforeTest()[pri:0, instance:TestCases.TopNavigationTest@4493d195]" name="beforeTest" is-config="true" duration-ms="10577" started-at="2020-12-06T13:21:31 WIB" finished-at="2020-12-06T13:21:42 WIB">
          <reporter-output>
          </reporter-output>
        </test-method> <!-- beforeTest -->
        <test-method status="FAIL" signature="B_001()[pri:0, instance:TestCases.TopNavigationTest@4493d195]" name="B_001" duration-ms="15570" started-at="2020-12-06T13:21:42 WIB" finished-at="2020-12-06T13:21:57 WIB">
          <exception class="java.lang.AssertionError">
            <message>
              <![CDATA[The following asserts failed:
text hello guest is not exist did not expect to find [true] but found [false],
Logout button should not be exist, but its exist did not expect to find [true] but found [false]]]>
            </message>
            <full-stacktrace>
              <![CDATA[java.lang.AssertionError: The following asserts failed:
text hello guest is not exist did not expect to find [true] but found [false],
Logout button should not be exist, but its exist did not expect to find [true] but found [false]
at org.testng.asserts.SoftAssert.assertAll(SoftAssert.java:47)
at org.testng.asserts.SoftAssert.assertAll(SoftAssert.java:31)
at TestCases.TopNavigationTest.B_001(TopNavigationTest.java:44)
at sun.reflect.NativeMethodAccessorImpl.invoke0(Native Method)
at sun.reflect.NativeMethodAccessorImpl.invoke(NativeMethodAccessorImpl.java:62)
at sun.reflect.DelegatingMethodAccessorImpl.invoke(DelegatingMethodAccessorImpl.java:43)
at java.lang.reflect.Method.invoke(Method.java:498)
at org.testng.internal.MethodInvocationHelper.invokeMethod(MethodInvocationHelper.java:133)
at org.testng.internal.TestInvoker.invokeMethod(TestInvoker.java:584)
at org.testng.internal.TestInvoker.invokeTestMethod(TestInvoker.java:172)
at org.testng.internal.MethodRunner.runInSequence(MethodRunner.java:46)
at org.testng.internal.TestInvoker$MethodInvocationAgent.invoke(TestInvoker.java:804)
at org.testng.internal.TestInvoker.invokeTestMethods(TestInvoker.java:145)
at org.testng.internal.TestMethodWorker.invokeTestMethods(TestMethodWorker.java:146)
at org.testng.internal.TestMethodWorker.run(TestMethodWorker.java:128)
at java.util.ArrayList.forEach(ArrayList.java:1259)
at org.testng.TestRunner.privateRun(TestRunner.java:770)
at org.testng.TestRunner.run(TestRunner.java:591)
at org.testng.SuiteRunner.runTest(SuiteRunner.java:402)
at org.testng.SuiteRunner.runSequentially(SuiteRunner.java:396)
at org.testng.SuiteRunner.privateRun(SuiteRunner.java:355)
at org.testng.SuiteRunner.run(SuiteRunner.java:304)
at org.testng.SuiteRunnerWorker.runSuite(SuiteRunnerWorker.java:53)
at org.testng.SuiteRunnerWorker.run(SuiteRunnerWorker.java:96)
at org.testng.TestNG.runSuitesSequentially(TestNG.java:1180)
at org.testng.TestNG.runSuitesLocally(TestNG.java:1102)
at org.testng.TestNG.runSuites(TestNG.java:1032)
at org.testng.TestNG.run(TestNG.java:1000)
at org.testng.remote.AbstractRemoteTestNG.run(AbstractRemoteTestNG.java:115)
at org.testng.remote.RemoteTestNG.initAndRun(RemoteTestNG.java:251)
at org.testng.remote.RemoteTestNG.main(RemoteTestNG.java:77)
]]>
            </full-stacktrace>
          </exception> <!-- java.lang.AssertionError -->
          <reporter-output>
          </reporter-output>
        </test-method> <!-- B_001 -->
        <test-method status="PASS" signature="beforeTest()[pri:0, instance:TestCases.TopNavigationTest@4493d195]" name="beforeTest" is-config="true" duration-ms="11286" started-at="2020-12-06T13:22:00 WIB" finished-at="2020-12-06T13:22:11 WIB">
          <reporter-output>
          </reporter-output>
        </test-method> <!-- beforeTest -->
        <test-method status="FAIL" signature="B_002()[pri:0, instance:TestCases.TopNavigationTest@4493d195]" name="B_002" duration-ms="10787" started-at="2020-12-06T13:22:11 WIB" finished-at="2020-12-06T13:22:22 WIB">
          <exception class="java.lang.NullPointerException">
            <full-stacktrace>
              <![CDATA[java.lang.NullPointerException
at org.openqa.selenium.support.ui.ExpectedConditions.elementIfVisible(ExpectedConditions.java:314)
at org.openqa.selenium.support.ui.ExpectedConditions.access$000(ExpectedConditions.java:43)
at org.openqa.selenium.support.ui.ExpectedConditions$10.apply(ExpectedConditions.java:300)
at org.openqa.selenium.support.ui.ExpectedConditions$10.apply(ExpectedConditions.java:297)
at org.openqa.selenium.support.ui.FluentWait.until(FluentWait.java:249)
at Pages.HomePage.clickSubcribeButton(HomePage.java:350)
at BaseSetting.BaseSetting.login(BaseSetting.java:114)
at TestCases.TopNavigationTest.B_002(TopNavigationTest.java:57)
at sun.reflect.NativeMethodAccessorImpl.invoke0(Native Method)
at sun.reflect.NativeMethodAccessorImpl.invoke(NativeMethodAccessorImpl.java:62)
at sun.reflect.DelegatingMethodAccessorImpl.invoke(DelegatingMethodAccessorImpl.java:43)
at java.lang.reflect.Method.invoke(Method.java:498)
at org.testng.internal.MethodInvocationHelper.invokeMethod(MethodInvocationHelper.java:133)
at org.testng.internal.TestInvoker.invokeMethod(TestInvoker.java:584)
at org.testng.internal.TestInvoker.invokeTestMethod(TestInvoker.java:172)
at org.testng.internal.MethodRunner.runInSequence(MethodRunner.java:46)
at org.testng.internal.TestInvoker$MethodInvocationAgent.invoke(TestInvoker.java:804)
at org.testng.internal.TestInvoker.invokeTestMethods(TestInvoker.java:145)
at org.testng.internal.TestMethodWorker.invokeTestMethods(TestMethodWorker.java:146)
at org.testng.internal.TestMethodWorker.run(TestMethodWorker.java:128)
at java.util.ArrayList.forEach(ArrayList.java:1259)
at org.testng.TestRunner.privateRun(TestRunner.java:770)
at org.testng.TestRunner.run(TestRunner.java:591)
at org.testng.SuiteRunner.runTest(SuiteRunner.java:402)
at org.testng.SuiteRunner.runSequentially(SuiteRunner.java:396)
at org.testng.SuiteRunner.privateRun(SuiteRunner.java:355)
at org.testng.SuiteRunner.run(SuiteRunner.java:304)
at org.testng.SuiteRunnerWorker.runSuite(SuiteRunnerWorker.java:53)
at org.testng.SuiteRunnerWorker.run(SuiteRunnerWorker.java:96)
at org.testng.TestNG.runSuitesSequentially(TestNG.java:1180)
at org.testng.TestNG.runSuitesLocally(TestNG.java:1102)
at org.testng.TestNG.runSuites(TestNG.java:1032)
at org.testng.TestNG.run(TestNG.java:1000)
at org.testng.remote.AbstractRemoteTestNG.run(AbstractRemoteTestNG.java:115)
at org.testng.remote.RemoteTestNG.initAndRun(RemoteTestNG.java:251)
at org.testng.remote.RemoteTestNG.main(RemoteTestNG.java:77)
]]>
            </full-stacktrace>
          </exception> <!-- java.lang.NullPointerException -->
          <reporter-output>
          </reporter-output>
        </test-method> <!-- B_002 -->
        <test-method status="PASS" signature="beforeTest()[pri:0, instance:TestCases.TopNavigationTest@4493d195]" name="beforeTest" is-config="true" duration-ms="11051" started-at="2020-12-06T13:22:23 WIB" finished-at="2020-12-06T13:22:34 WIB">
          <reporter-output>
          </reporter-output>
        </test-method> <!-- beforeTest -->
        <test-method status="PASS" signature="B_003()[pri:0, instance:TestCases.TopNavigationTest@4493d195]" name="B_003" duration-ms="2219" started-at="2020-12-06T13:22:34 WIB" finished-at="2020-12-06T13:22:37 WIB">
          <reporter-output>
          </reporter-output>
        </test-method> <!-- B_003 -->
        <test-method status="PASS" signature="beforeTest()[pri:0, instance:TestCases.TopNavigationTest@4493d195]" name="beforeTest" is-config="true" duration-ms="10652" started-at="2020-12-06T13:22:37 WIB" finished-at="2020-12-06T13:22:47 WIB">
          <reporter-output>
          </reporter-output>
        </test-method> <!-- beforeTest -->
        <test-method status="FAIL" signature="B_004()[pri:0, instance:TestCases.TopNavigationTest@4493d195]" name="B_004" duration-ms="2425" started-at="2020-12-06T13:22:47 WIB" finished-at="2020-12-06T13:22:50 WIB">
          <exception class="java.lang.AssertionError">
            <message>
              <![CDATA[Page is not displayed did not expect to find [true] but found [false]]]>
            </message>
            <full-stacktrace>
              <![CDATA[java.lang.AssertionError: Page is not displayed did not expect to find [true] but found [false]
at org.testng.Assert.fail(Assert.java:97)
at org.testng.Assert.failNotEquals(Assert.java:969)
at org.testng.Assert.assertTrue(Assert.java:43)
at TestCases.TopNavigationTest.B_004(TopNavigationTest.java:104)
at sun.reflect.NativeMethodAccessorImpl.invoke0(Native Method)
at sun.reflect.NativeMethodAccessorImpl.invoke(NativeMethodAccessorImpl.java:62)
at sun.reflect.DelegatingMethodAccessorImpl.invoke(DelegatingMethodAccessorImpl.java:43)
at java.lang.reflect.Method.invoke(Method.java:498)
at org.testng.internal.MethodInvocationHelper.invokeMethod(MethodInvocationHelper.java:133)
at org.testng.internal.TestInvoker.invokeMethod(TestInvoker.java:584)
at org.testng.internal.TestInvoker.invokeTestMethod(TestInvoker.java:172)
at org.testng.internal.MethodRunner.runInSequence(MethodRunner.java:46)
at org.testng.internal.TestInvoker$MethodInvocationAgent.invoke(TestInvoker.java:804)
at org.testng.internal.TestInvoker.invokeTestMethods(TestInvoker.java:145)
at org.testng.internal.TestMethodWorker.invokeTestMethods(TestMethodWorker.java:146)
at org.testng.internal.TestMethodWorker.run(TestMethodWorker.java:128)
at java.util.ArrayList.forEach(ArrayList.java:1259)
at org.testng.TestRunner.privateRun(TestRunner.java:770)
at org.testng.TestRunner.run(TestRunner.java:591)
at org.testng.SuiteRunner.runTest(SuiteRunner.java:402)
at org.testng.SuiteRunner.runSequentially(SuiteRunner.java:396)
at org.testng.SuiteRunner.privateRun(SuiteRunner.java:355)
at org.testng.SuiteRunner.run(SuiteRunner.java:304)
at org.testng.SuiteRunnerWorker.runSuite(SuiteRunnerWorker.java:53)
at org.testng.SuiteRunnerWorker.run(SuiteRunnerWorker.java:96)
at org.testng.TestNG.runSuitesSequentially(TestNG.java:1180)
at org.testng.TestNG.runSuitesLocally(TestNG.java:1102)
at org.testng.TestNG.runSuites(TestNG.java:1032)
at org.testng.TestNG.run(TestNG.java:1000)
at org.testng.remote.AbstractRemoteTestNG.run(AbstractRemoteTestNG.java:115)
at org.testng.remote.RemoteTestNG.initAndRun(RemoteTestNG.java:251)
at org.testng.remote.RemoteTestNG.main(RemoteTestNG.java:77)
]]>
            </full-stacktrace>
          </exception> <!-- java.lang.AssertionError -->
          <reporter-output>
          </reporter-output>
        </test-method> <!-- B_004 -->
        <test-method status="PASS" signature="resetApplicationState()[pri:0, instance:TestCases.TopNavigationTest@4493d195]" name="resetApplicationState" is-config="true" duration-ms="4520" started-at="2020-12-06T13:22:51 WIB" finished-at="2020-12-06T13:22:55 WIB">
          <reporter-output>
          </reporter-output>
        </test-method> <!-- resetApplicationState -->
      </class> <!-- TestCases.TopNavigationTest -->
      <class name="TestCases.LaunchWebTest">
        <test-method status="PASS" signature="a_SetUpAppium(java.lang.String, java.lang.String, java.lang.String, java.lang.String, java.lang.String, java.lang.String)[pri:0, instance:TestCases.LaunchWebTest@6ee52dcd]" name="a_SetUpAppium" is-config="true" duration-ms="15363" started-at="2020-12-06T13:21:00 WIB" finished-at="2020-12-06T13:21:16 WIB">
          <params>
            <param index="0">
              <value>
                <![CDATA[beta]]>
              </value>
            </param>
            <param index="1">
              <value>
                <![CDATA[sg]]>
              </value>
            </param>
            <param index="2">
              <value>
                <![CDATA[4723]]>
              </value>
            </param>
            <param index="3">
              <value>
                <![CDATA[RR8M901GK6R]]>
              </value>
            </param>
            <param index="4">
              <value>
                <![CDATA[Galaxy A50s]]>
              </value>
            </param>
            <param index="5">
              <value>
                <![CDATA[aws]]>
              </value>
            </param>
          </params>
          <reporter-output>
          </reporter-output>
        </test-method> <!-- a_SetUpAppium -->
        <test-method status="PASS" signature="deleteScreenShot()[pri:0, instance:TestCases.LaunchWebTest@6ee52dcd]" name="deleteScreenShot" is-config="true" duration-ms="2" started-at="2020-12-06T13:21:16 WIB" finished-at="2020-12-06T13:21:16 WIB">
          <reporter-output>
          </reporter-output>
        </test-method> <!-- deleteScreenShot -->
        <test-method status="PASS" signature="beforeTest()[pri:0, instance:TestCases.LaunchWebTest@6ee52dcd]" name="beforeTest" is-config="true" duration-ms="10809" started-at="2020-12-06T13:21:16 WIB" finished-at="2020-12-06T13:21:26 WIB">
          <reporter-output>
          </reporter-output>
        </test-method> <!-- beforeTest -->
        <test-method status="PASS" signature="A_001()[pri:0, instance:TestCases.LaunchWebTest@6ee52dcd]" name="A_001" duration-ms="893" started-at="2020-12-06T13:21:26 WIB" finished-at="2020-12-06T13:21:27 WIB">
          <reporter-output>
          </reporter-output>
        </test-method> <!-- A_001 -->
        <test-method status="PASS" signature="resetApplicationState()[pri:0, instance:TestCases.LaunchWebTest@6ee52dcd]" name="resetApplicationState" is-config="true" duration-ms="3735" started-at="2020-12-06T13:21:27 WIB" finished-at="2020-12-06T13:21:31 WIB">
          <reporter-output>
          </reporter-output>
        </test-method> <!-- resetApplicationState -->
        <test-method status="PASS" signature="quitDriver()[pri:0, instance:TestCases.LaunchWebTest@6ee52dcd]" name="quitDriver" is-config="true" duration-ms="539" started-at="2020-12-06T13:23:35 WIB" finished-at="2020-12-06T13:23:36 WIB">
          <reporter-output>
          </reporter-output>
        </test-method> <!-- quitDriver -->
      </class> <!-- TestCases.LaunchWebTest -->
    </test> <!-- Run devices 2 -->
  </suite> <!-- MySuite -->
</testng-results>
